#
# There is insufficient memory for the Java Runtime Environment to continue.
# Native memory allocation (malloc) failed to allocate 2152176 bytes for Chunk::new
# Possible reasons:
#   The system is out of physical RAM or swap space
#   The process is running with CompressedOops enabled, and the Java Heap may be blocking the growth of the native heap
# Possible solutions:
#   Reduce memory load on the system
#   Increase physical memory or swap space
#   Check if swap backing store is full
#   Decrease Java heap size (-Xmx/-Xms)
#   Decrease number of Java threads
#   Decrease Java thread stack sizes (-Xss)
#   Set larger code cache with -XX:ReservedCodeCacheSize=
#   JVM is running with Unscaled Compressed Oops mode in which the Java heap is
#     placed in the first 4GB address space. The Java Heap base address is the
#     maximum limit for the native heap growth. Please use -XX:HeapBaseMinAddress
#     to set the Java Heap base and to place the Java Heap above 4GB virtual address.
# This output file may be truncated or incomplete.
#
#  Out of Memory Error (allocation.cpp:389), pid=14828, tid=0x0000000000001b48
#
# JRE version: OpenJDK Runtime Environment (8.0_242-b01) (build 1.8.0_242-release-1644-b01)
# Java VM: OpenJDK 64-Bit Server VM (25.242-b01 mixed mode windows-amd64 compressed oops)
# Failed to write core dump. Minidumps are not enabled by default on client versions of Windows
#

---------------  T H R E A D  ---------------

Current thread (0x000000001790b000):  JavaThread "C2 CompilerThread1" daemon [_thread_in_native, id=6984, stack(0x000000001a0d0000,0x000000001a1d0000)]

Stack: [0x000000001a0d0000,0x000000001a1d0000]
[error occurred during error reporting (printing stack bounds), id 0xc0000005]

Native frames: (J=compiled Java code, j=interpreted, Vv=VM code, C=native code)


Current CompileTask:
C2:   6088 1513   !   4       java.net.URLClassLoader$1::run (63 bytes)


---------------  P R O C E S S  ---------------

Java Threads: ( => current thread )
  0x000000001af53000 JavaThread "Cache worker for file hash cache (C:\Users\hieub\.gradle\caches\6.5\fileHashes)" [_thread_blocked, id=13748, stack(0x000000001e6f0000,0x000000001e7f0000)]
  0x000000001af55800 JavaThread "File lock request listener" [_thread_in_native, id=1220, stack(0x000000001e5f0000,0x000000001e6f0000)]
  0x000000001a5d0800 JavaThread "Cache worker for journal cache (C:\Users\hieub\.gradle\caches\journal-1)" [_thread_blocked, id=236, stack(0x000000001e4f0000,0x000000001e5f0000)]
  0x000000001c189800 JavaThread "Thread-9" [_thread_blocked, id=1680, stack(0x000000001e1f0000,0x000000001e2f0000)]
  0x000000001c129000 JavaThread "Stdin handler" [_thread_blocked, id=8408, stack(0x000000001e0f0000,0x000000001e1f0000)]
  0x000000001c12b800 JavaThread "Asynchronous log dispatcher for DefaultDaemonConnection: socket connection from /127.0.0.1:53016 to /127.0.0.1:53017" [_thread_blocked, id=14172, stack(0x000000001dff0000,0x000000001e0f0000)]
  0x000000001c125800 JavaThread "Daemon worker" [_thread_in_native, id=4396, stack(0x000000001def0000,0x000000001dff0000)]
  0x000000001c138800 JavaThread "Cancel handler" [_thread_blocked, id=6620, stack(0x000000001dcf0000,0x000000001ddf0000)]
  0x000000001c104000 JavaThread "Handler for socket connection from /127.0.0.1:53016 to /127.0.0.1:53017" [_thread_in_native, id=15116, stack(0x000000001dbf0000,0x000000001dcf0000)]
  0x000000001c0f0000 JavaThread "Daemon" [_thread_blocked, id=5600, stack(0x000000001daf0000,0x000000001dbf0000)]
  0x000000001c0ea000 JavaThread "Daemon periodic checks" [_thread_blocked, id=11628, stack(0x000000001d7f0000,0x000000001d8f0000)]
  0x000000001c056000 JavaThread "Incoming local TCP Connector on port 53016" [_thread_in_native, id=10628, stack(0x000000001d5b0000,0x000000001d6b0000)]
  0x0000000019880000 JavaThread "Daemon health stats" [_thread_blocked, id=11680, stack(0x000000001cf70000,0x000000001d070000)]
  0x000000001979b800 JavaThread "Service Thread" daemon [_thread_blocked, id=13180, stack(0x000000001a3d0000,0x000000001a4d0000)]
  0x000000001970c000 JavaThread "C1 CompilerThread3" daemon [_thread_blocked, id=10844, stack(0x000000001a2d0000,0x000000001a3d0000)]
  0x000000001790d800 JavaThread "C2 CompilerThread2" daemon [_thread_in_native, id=8736, stack(0x000000001a1d0000,0x000000001a2d0000)]
=>0x000000001790b000 JavaThread "C2 CompilerThread1" daemon [_thread_in_native, id=6984, stack(0x000000001a0d0000,0x000000001a1d0000)]
  0x0000000019701800 JavaThread "C2 CompilerThread0" daemon [_thread_in_native, id=3920, stack(0x0000000019fd0000,0x000000001a0d0000)]
  0x0000000019700800 JavaThread "Attach Listener" daemon [_thread_blocked, id=10076, stack(0x0000000019ed0000,0x0000000019fd0000)]
  0x0000000019706800 JavaThread "Signal Dispatcher" daemon [_thread_blocked, id=7208, stack(0x0000000019dd0000,0x0000000019ed0000)]
  0x00000000196f1000 JavaThread "Finalizer" daemon [_thread_blocked, id=320, stack(0x0000000019bd0000,0x0000000019cd0000)]
  0x0000000002887000 JavaThread "Reference Handler" daemon [_thread_blocked, id=9368, stack(0x0000000019ad0000,0x0000000019bd0000)]
  0x0000000002792800 JavaThread "main" [_thread_blocked, id=5256, stack(0x0000000002690000,0x0000000002790000)]

Other Threads:
  0x00000000178f6800 VMThread [stack: 0x00000000195d0000,0x00000000196d0000] [id=12180]
  0x000000001979c800 WatcherThread [stack: 0x000000001a4d0000,0x000000001a5d0000] [id=6440]

VM state:not at safepoint (normal execution)

VM Mutex/Monitor currently owned by a thread: None

heap address: 0x0000000080000000, size: 2048 MB, Compressed Oops mode: 32-bit
Narrow klass base: 0x0000000000000000, Narrow klass shift: 3
Compressed class space size: 1073741824 Address: 0x0000000100000000

Heap:
 PSYoungGen      total 38400K, used 18214K [0x00000000d5580000, 0x00000000d8000000, 0x0000000100000000)
  eden space 33280K, 39% used [0x00000000d5580000,0x00000000d6251918,0x00000000d7600000)
  from space 5120K, 99% used [0x00000000d7600000,0x00000000d7af8040,0x00000000d7b00000)
  to   space 5120K, 0% used [0x00000000d7b00000,0x00000000d7b00000,0x00000000d8000000)
 ParOldGen       total 87552K, used 6796K [0x0000000080000000, 0x0000000085580000, 0x00000000d5580000)
  object space 87552K, 7% used [0x0000000080000000,0x00000000806a30b0,0x0000000085580000)
 Metaspace       used 19122K, capacity 19702K, committed 19968K, reserved 1067008K
  class space    used 2631K, capacity 2809K, committed 2816K, reserved 1048576K

Card table byte_map: [0x0000000011c50000,0x0000000012060000] byte_map_base: 0x0000000011850000

Marking Bits: (ParMarkBitMap*) 0x0000000060d1f030
 Begin Bits: [0x0000000012b10000, 0x0000000014b10000)
 End Bits:   [0x0000000014b10000, 0x0000000016b10000)

Polling page: 0x00000000025b0000

CodeCache: size=245760Kb used=5873Kb max_used=5873Kb free=239886Kb
 bounds [0x0000000002890000, 0x0000000002e50000, 0x0000000011890000]
 total_blobs=2113 nmethods=1701 adapters=325
 compilation: enabled

Compilation events (10 events):
Event: 6.071 Thread 0x000000001970c000 1711       3       java.util.concurrent.locks.AbstractQueuedSynchronizer::<init> (5 bytes)
Event: 6.071 Thread 0x000000001970c000 nmethod 1711 0x0000000002e4d650 code [0x0000000002e4d7c0, 0x0000000002e4d9d0]
Event: 6.071 Thread 0x000000001970c000 1712       3       java.util.concurrent.locks.AbstractOwnableSynchronizer::<init> (5 bytes)
Event: 6.071 Thread 0x000000001970c000 nmethod 1712 0x0000000002e4d290 code [0x0000000002e4d3e0, 0x0000000002e4d590]
Event: 6.078 Thread 0x000000001970c000 1713       3       org.gradle.internal.service.DefaultServiceRegistry::assertValidServiceType (51 bytes)
Event: 6.078 Thread 0x000000001970c000 nmethod 1713 0x0000000002e4c690 code [0x0000000002e4c860, 0x0000000002e4cf68]
Event: 6.079 Thread 0x000000001970c000 1714       3       org.gradle.internal.service.DefaultServiceRegistry::access$1300 (4 bytes)
Event: 6.079 Thread 0x000000001970c000 nmethod 1714 0x0000000002e4e050 code [0x0000000002e4e1a0, 0x0000000002e4e2d0]
Event: 6.085 Thread 0x000000001970c000 1715       3       java.util.concurrent.locks.ReentrantLock$Sync::nonfairTryAcquire (67 bytes)
Event: 6.086 Thread 0x000000001970c000 nmethod 1715 0x0000000002e4e350 code [0x0000000002e4e4e0, 0x0000000002e4ec08]

GC Heap History (10 events):
Event: 1.597 GC heap before
{Heap before GC invocations=1 (full 0):
 PSYoungGen      total 38400K, used 33280K [0x00000000d5580000, 0x00000000d8000000, 0x0000000100000000)
  eden space 33280K, 100% used [0x00000000d5580000,0x00000000d7600000,0x00000000d7600000)
  from space 5120K, 0% used [0x00000000d7b00000,0x00000000d7b00000,0x00000000d8000000)
  to   space 5120K, 0% used [0x00000000d7600000,0x00000000d7600000,0x00000000d7b00000)
 ParOldGen       total 87552K, used 0K [0x0000000080000000, 0x0000000085580000, 0x00000000d5580000)
  object space 87552K, 0% used [0x0000000080000000,0x0000000080000000,0x0000000085580000)
 Metaspace       used 7217K, capacity 7446K, committed 7680K, reserved 1056768K
  class space    used 890K, capacity 973K, committed 1024K, reserved 1048576K
Event: 1.609 GC heap after
Heap after GC invocations=1 (full 0):
 PSYoungGen      total 38400K, used 4475K [0x00000000d5580000, 0x00000000d8000000, 0x0000000100000000)
  eden space 33280K, 0% used [0x00000000d5580000,0x00000000d5580000,0x00000000d7600000)
  from space 5120K, 87% used [0x00000000d7600000,0x00000000d7a5efc8,0x00000000d7b00000)
  to   space 5120K, 0% used [0x00000000d7b00000,0x00000000d7b00000,0x00000000d8000000)
 ParOldGen       total 87552K, used 8K [0x0000000080000000, 0x0000000085580000, 0x00000000d5580000)
  object space 87552K, 0% used [0x0000000080000000,0x0000000080002000,0x0000000085580000)
 Metaspace       used 7217K, capacity 7446K, committed 7680K, reserved 1056768K
  class space    used 890K, capacity 973K, committed 1024K, reserved 1048576K
}
Event: 2.181 GC heap before
{Heap before GC invocations=2 (full 0):
 PSYoungGen      total 38400K, used 37755K [0x00000000d5580000, 0x00000000d8000000, 0x0000000100000000)
  eden space 33280K, 100% used [0x00000000d5580000,0x00000000d7600000,0x00000000d7600000)
  from space 5120K, 87% used [0x00000000d7600000,0x00000000d7a5efc8,0x00000000d7b00000)
  to   space 5120K, 0% used [0x00000000d7b00000,0x00000000d7b00000,0x00000000d8000000)
 ParOldGen       total 87552K, used 8K [0x0000000080000000, 0x0000000085580000, 0x00000000d5580000)
  object space 87552K, 0% used [0x0000000080000000,0x0000000080002000,0x0000000085580000)
 Metaspace       used 7465K, capacity 7758K, committed 7936K, reserved 1056768K
  class space    used 916K, capacity 1013K, committed 1024K, reserved 1048576K
Event: 2.185 GC heap after
Heap after GC invocations=2 (full 0):
 PSYoungGen      total 38400K, used 3345K [0x00000000d5580000, 0x00000000d8000000, 0x0000000100000000)
  eden space 33280K, 0% used [0x00000000d5580000,0x00000000d5580000,0x00000000d7600000)
  from space 5120K, 65% used [0x00000000d7b00000,0x00000000d7e445f8,0x00000000d8000000)
  to   space 5120K, 0% used [0x00000000d7600000,0x00000000d7600000,0x00000000d7b00000)
 ParOldGen       total 87552K, used 16K [0x0000000080000000, 0x0000000085580000, 0x00000000d5580000)
  object space 87552K, 0% used [0x0000000080000000,0x0000000080004000,0x0000000085580000)
 Metaspace       used 7465K, capacity 7758K, committed 7936K, reserved 1056768K
  class space    used 916K, capacity 1013K, committed 1024K, reserved 1048576K
}
Event: 4.951 GC heap before
{Heap before GC invocations=3 (full 0):
 PSYoungGen      total 38400K, used 36625K [0x00000000d5580000, 0x00000000d8000000, 0x0000000100000000)
  eden space 33280K, 100% used [0x00000000d5580000,0x00000000d7600000,0x00000000d7600000)
  from space 5120K, 65% used [0x00000000d7b00000,0x00000000d7e445f8,0x00000000d8000000)
  to   space 5120K, 0% used [0x00000000d7600000,0x00000000d7600000,0x00000000d7b00000)
 ParOldGen       total 87552K, used 16K [0x0000000080000000, 0x0000000085580000, 0x00000000d5580000)
  object space 87552K, 0% used [0x0000000080000000,0x0000000080004000,0x0000000085580000)
 Metaspace       used 12187K, capacity 12500K, committed 12800K, reserved 1060864K
  class space    used 1627K, capacity 1726K, committed 1792K, reserved 1048576K
Event: 4.958 GC heap after
Heap after GC invocations=3 (full 0):
 PSYoungGen      total 38400K, used 5104K [0x00000000d5580000, 0x00000000d8000000, 0x0000000100000000)
  eden space 33280K, 0% used [0x00000000d5580000,0x00000000d5580000,0x00000000d7600000)
  from space 5120K, 99% used [0x00000000d7600000,0x00000000d7afc010,0x00000000d7b00000)
  to   space 5120K, 0% used [0x00000000d7b00000,0x00000000d7b00000,0x00000000d8000000)
 ParOldGen       total 87552K, used 1253K [0x0000000080000000, 0x0000000085580000, 0x00000000d5580000)
  object space 87552K, 1% used [0x0000000080000000,0x00000000801397a0,0x0000000085580000)
 Metaspace       used 12187K, capacity 12500K, committed 12800K, reserved 1060864K
  class space    used 1627K, capacity 1726K, committed 1792K, reserved 1048576K
}
Event: 5.396 GC heap before
{Heap before GC invocations=4 (full 0):
 PSYoungGen      total 38400K, used 38384K [0x00000000d5580000, 0x00000000d8000000, 0x0000000100000000)
  eden space 33280K, 100% used [0x00000000d5580000,0x00000000d7600000,0x00000000d7600000)
  from space 5120K, 99% used [0x00000000d7600000,0x00000000d7afc010,0x00000000d7b00000)
  to   space 5120K, 0% used [0x00000000d7b00000,0x00000000d7b00000,0x00000000d8000000)
 ParOldGen       total 87552K, used 1253K [0x0000000080000000, 0x0000000085580000, 0x00000000d5580000)
  object space 87552K, 1% used [0x0000000080000000,0x00000000801397a0,0x0000000085580000)
 Metaspace       used 15350K, capacity 15894K, committed 16128K, reserved 1062912K
  class space    used 2027K, capacity 2187K, committed 2304K, reserved 1048576K
Event: 5.404 GC heap after
Heap after GC invocations=4 (full 0):
 PSYoungGen      total 38400K, used 5099K [0x00000000d5580000, 0x00000000d8000000, 0x0000000100000000)
  eden space 33280K, 0% used [0x00000000d5580000,0x00000000d5580000,0x00000000d7600000)
  from space 5120K, 99% used [0x00000000d7b00000,0x00000000d7ffafa8,0x00000000d8000000)
  to   space 5120K, 0% used [0x00000000d7600000,0x00000000d7600000,0x00000000d7b00000)
 ParOldGen       total 87552K, used 3657K [0x0000000080000000, 0x0000000085580000, 0x00000000d5580000)
  object space 87552K, 4% used [0x0000000080000000,0x00000000803927b0,0x0000000085580000)
 Metaspace       used 15350K, capacity 15894K, committed 16128K, reserved 1062912K
  class space    used 2027K, capacity 2187K, committed 2304K, reserved 1048576K
}
Event: 5.814 GC heap before
{Heap before GC invocations=5 (full 0):
 PSYoungGen      total 38400K, used 38379K [0x00000000d5580000, 0x00000000d8000000, 0x0000000100000000)
  eden space 33280K, 100% used [0x00000000d5580000,0x00000000d7600000,0x00000000d7600000)
  from space 5120K, 99% used [0x00000000d7b00000,0x00000000d7ffafa8,0x00000000d8000000)
  to   space 5120K, 0% used [0x00000000d7600000,0x00000000d7600000,0x00000000d7b00000)
 ParOldGen       total 87552K, used 3657K [0x0000000080000000, 0x0000000085580000, 0x00000000d5580000)
  object space 87552K, 4% used [0x0000000080000000,0x00000000803927d0,0x0000000085580000)
 Metaspace       used 17816K, capacity 18364K, committed 18560K, reserved 1064960K
  class space    used 2442K, capacity 2628K, committed 2688K, reserved 1048576K
Event: 5.828 GC heap after
Heap after GC invocations=5 (full 0):
 PSYoungGen      total 38400K, used 5088K [0x00000000d5580000, 0x00000000d8000000, 0x0000000100000000)
  eden space 33280K, 0% used [0x00000000d5580000,0x00000000d5580000,0x00000000d7600000)
  from space 5120K, 99% used [0x00000000d7600000,0x00000000d7af8040,0x00000000d7b00000)
  to   space 5120K, 0% used [0x00000000d7b00000,0x00000000d7b00000,0x00000000d8000000)
 ParOldGen       total 87552K, used 6796K [0x0000000080000000, 0x0000000085580000, 0x00000000d5580000)
  object space 87552K, 7% used [0x0000000080000000,0x00000000806a30b0,0x0000000085580000)
 Metaspace       used 17816K, capacity 18364K, committed 18560K, reserved 1064960K
  class space    used 2442K, capacity 2628K, committed 2688K, reserved 1048576K
}

Deoptimization events (10 events):
Event: 5.408 Thread 0x000000001c125800 Uncommon trap: reason=unstable_if action=reinterpret pc=0x0000000002bbb2cc method=java.io.File.getName()Ljava/lang/String; @ 16
Event: 5.408 Thread 0x000000001c125800 Uncommon trap: reason=unstable_if action=reinterpret pc=0x0000000002bb799c method=java.lang.String.substring(I)Ljava/lang/String; @ 35
Event: 5.630 Thread 0x000000001c125800 Uncommon trap: reason=unstable_if action=reinterpret pc=0x0000000002bb9e70 method=java.util.LinkedHashMap.afterNodeInsertion(Z)V @ 1
Event: 5.631 Thread 0x000000001c125800 Uncommon trap: reason=unstable_if action=reinterpret pc=0x0000000002afcd04 method=java.util.HashMap.getNode(ILjava/lang/Object;)Ljava/util/HashMap$Node; @ 129
Event: 5.631 Thread 0x000000001c125800 Uncommon trap: reason=bimorphic action=maybe_recompile pc=0x0000000002d5216c method=java.util.HashMap.putVal(ILjava/lang/Object;Ljava/lang/Object;ZZ)Ljava/lang/Object; @ 203
Event: 5.635 Thread 0x000000001c125800 Uncommon trap: reason=unstable_if action=reinterpret pc=0x0000000002adf910 method=java.util.HashMap.getNode(ILjava/lang/Object;)Ljava/util/HashMap$Node; @ 129
Event: 5.635 Thread 0x000000001c125800 Uncommon trap: reason=bimorphic action=maybe_recompile pc=0x0000000002d5216c method=java.util.HashMap.putVal(ILjava/lang/Object;Ljava/lang/Object;ZZ)Ljava/lang/Object; @ 203
Event: 5.804 Thread 0x000000001c125800 Uncommon trap: reason=unstable_if action=reinterpret pc=0x0000000002db404c method=java.util.jar.Attributes$Name.isDigit(C)Z @ 3
Event: 6.050 Thread 0x000000001c125800 Uncommon trap: reason=unstable_if action=reinterpret pc=0x0000000002a5ed48 method=java.net.URI.match(CJJ)Z @ 19
Event: 6.050 Thread 0x000000001c125800 Uncommon trap: reason=unstable_if action=reinterpret pc=0x0000000002b30b80 method=java.net.URI.match(CJJ)Z @ 19

Classes redefined (0 events):
No events

Internal exceptions (10 events):
Event: 4.891 Thread 0x000000001c104000 Exception <a 'java/lang/NoSuchMethodError': <clinit>> (0x00000000d73714b8) thrown at [C:\src\AOSP-openjdk-git\hotspot\src\share\vm\prims\jni.cpp, line 1615]
Event: 4.893 Thread 0x000000001c104000 Exception <a 'java/lang/NoSuchMethodError': <clinit>> (0x00000000d7385aa0) thrown at [C:\src\AOSP-openjdk-git\hotspot\src\share\vm\prims\jni.cpp, line 1615]
Event: 4.904 Thread 0x000000001c104000 Exception <a 'java/lang/NoSuchMethodError': <clinit>> (0x00000000d73f3268) thrown at [C:\src\AOSP-openjdk-git\hotspot\src\share\vm\prims\jni.cpp, line 1615]
Event: 4.910 Thread 0x000000001c104000 Exception <a 'java/lang/NoSuchMethodError': <clinit>> (0x00000000d742d810) thrown at [C:\src\AOSP-openjdk-git\hotspot\src\share\vm\prims\jni.cpp, line 1615]
Event: 4.917 Thread 0x000000001c104000 Exception <a 'java/lang/NoSuchMethodError': <clinit>> (0x00000000d7463410) thrown at [C:\src\AOSP-openjdk-git\hotspot\src\share\vm\prims\jni.cpp, line 1615]
Event: 4.918 Thread 0x000000001c104000 Exception <a 'java/lang/NoSuchMethodError': <clinit>> (0x00000000d746f940) thrown at [C:\src\AOSP-openjdk-git\hotspot\src\share\vm\prims\jni.cpp, line 1615]
Event: 5.449 Thread 0x000000001c125800 Exception <a 'java/lang/NoSuchMethodError': java.lang.Object.lambda$and$0(Ljava/util/function/Predicate;Ljava/lang/Object;)Z> (0x00000000d574e5b0) thrown at [C:\src\AOSP-openjdk-git\hotspot\src\share\vm\interpreter\linkResolver.cpp, line 620]
Event: 5.454 Thread 0x000000001c125800 Exception <a 'java/lang/IncompatibleClassChangeError': Found class java.lang.Object, but interface was expected> (0x00000000d575e8a8) thrown at [C:\src\AOSP-openjdk-git\hotspot\src\share\vm\interpreter\linkResolver.cpp, line 653]
Event: 5.457 Thread 0x000000001c125800 Exception <a 'java/lang/NoSuchMethodError': java.lang.Object.lambda$or$2(Ljava/util/function/Predicate;Ljava/lang/Object;)Z> (0x00000000d57633f8) thrown at [C:\src\AOSP-openjdk-git\hotspot\src\share\vm\interpreter\linkResolver.cpp, line 620]
Event: 5.689 Thread 0x000000001c125800 Exception <a 'java/lang/NoSuchMethodError': java.lang.Object.lambda$static$0(Lorg/gradle/internal/state/ModelObject;)Ljava/lang/String;> (0x00000000d6f1f0a0) thrown at [C:\src\AOSP-openjdk-git\hotspot\src\share\vm\interpreter\linkResolver.cpp, line 620]

Events (10 events):
Event: 6.082 loading class org/gradle/api/tasks/TaskContainer
Event: 6.082 loading class org/gradle/api/tasks/TaskContainer done
Event: 6.082 loading class org/gradle/api/tasks/TaskCollection
Event: 6.082 loading class org/gradle/api/tasks/TaskCollection done
Event: 6.083 loading class org/gradle/api/PolymorphicDomainObjectContainer
Event: 6.083 loading class org/gradle/api/PolymorphicDomainObjectContainer done
Event: 6.085 loading class org/gradle/execution/TaskSelectionResult
Event: 6.085 loading class org/gradle/execution/TaskSelectionResult done
Event: 6.086 loading class org/gradle/execution/taskpath/TaskPathResolver
Event: 6.086 loading class org/gradle/execution/taskpath/TaskPathResolver done


Dynamic libraries:
0x00007ff7a7420000 - 0x00007ff7a7451000 	C:\Program Files\Android\Android Studio\jre\bin\java.exe
0x00007ffb612d0000 - 0x00007ffb614c6000 	C:\WINDOWS\SYSTEM32\ntdll.dll
0x00007ffb60bd0000 - 0x00007ffb60c8d000 	C:\WINDOWS\System32\KERNEL32.DLL
0x00007ffb5eca0000 - 0x00007ffb5ef68000 	C:\WINDOWS\System32\KERNELBASE.dll
0x00007ffb607b0000 - 0x00007ffb6085c000 	C:\WINDOWS\System32\ADVAPI32.dll
0x00007ffb60c90000 - 0x00007ffb60d2e000 	C:\WINDOWS\System32\msvcrt.dll
0x00007ffb60d60000 - 0x00007ffb60dfb000 	C:\WINDOWS\System32\sechost.dll
0x00007ffb60aa0000 - 0x00007ffb60bc3000 	C:\WINDOWS\System32\RPCRT4.dll
0x00007ffb603a0000 - 0x00007ffb60540000 	C:\WINDOWS\System32\USER32.dll
0x00007ffb5f300000 - 0x00007ffb5f322000 	C:\WINDOWS\System32\win32u.dll
0x00007ffb60610000 - 0x00007ffb6063a000 	C:\WINDOWS\System32\GDI32.dll
0x00007ffb5ea10000 - 0x00007ffb5eb19000 	C:\WINDOWS\System32\gdi32full.dll
0x00007ffb5f260000 - 0x00007ffb5f2fd000 	C:\WINDOWS\System32\msvcp_win.dll
0x00007ffb5eba0000 - 0x00007ffb5eca0000 	C:\WINDOWS\System32\ucrtbase.dll
0x00007ffb4c8e0000 - 0x00007ffb4cb7b000 	C:\WINDOWS\WinSxS\amd64_microsoft.windows.common-controls_6595b64144ccf1df_6.0.19041.488_none_ca04af081b815d21\COMCTL32.dll
0x00007ffb60d30000 - 0x00007ffb60d60000 	C:\WINDOWS\System32\IMM32.DLL
0x0000000060470000 - 0x0000000060542000 	C:\Program Files\Android\Android Studio\jre\jre\bin\msvcr100.dll
0x0000000060550000 - 0x0000000060d9b000 	C:\Program Files\Android\Android Studio\jre\jre\bin\server\jvm.dll
0x00007ffb60540000 - 0x00007ffb60548000 	C:\WINDOWS\System32\PSAPI.DLL
0x00007ffb57bb0000 - 0x00007ffb57bba000 	C:\WINDOWS\SYSTEM32\VERSION.dll
0x00007ffb3bf50000 - 0x00007ffb3bf77000 	C:\WINDOWS\SYSTEM32\WINMM.dll
0x00007ffb47f10000 - 0x00007ffb47f19000 	C:\WINDOWS\SYSTEM32\WSOCK32.dll
0x00007ffb5fbe0000 - 0x00007ffb5fc4b000 	C:\WINDOWS\System32\WS2_32.dll
0x00007ffb59bf0000 - 0x00007ffb59bff000 	C:\Program Files\Android\Android Studio\jre\jre\bin\verify.dll
0x00007ffb4bd00000 - 0x00007ffb4bd29000 	C:\Program Files\Android\Android Studio\jre\jre\bin\java.dll
0x00007ffb4bc80000 - 0x00007ffb4bc96000 	C:\Program Files\Android\Android Studio\jre\jre\bin\zip.dll
0x00007ffb5fc50000 - 0x00007ffb60391000 	C:\WINDOWS\System32\SHELL32.dll
0x00007ffb5c7a0000 - 0x00007ffb5cf35000 	C:\WINDOWS\SYSTEM32\windows.storage.dll
0x00007ffb60f30000 - 0x00007ffb61285000 	C:\WINDOWS\System32\combase.dll
0x00007ffb5e480000 - 0x00007ffb5e4ac000 	C:\WINDOWS\SYSTEM32\Wldp.dll
0x00007ffb5f330000 - 0x00007ffb5f3de000 	C:\WINDOWS\System32\SHCORE.dll
0x00007ffb5f590000 - 0x00007ffb5f5e5000 	C:\WINDOWS\System32\shlwapi.dll
0x00007ffb5e940000 - 0x00007ffb5e966000 	C:\WINDOWS\SYSTEM32\profapi.dll
0x00007ffb4b340000 - 0x00007ffb4b35a000 	C:\Program Files\Android\Android Studio\jre\jre\bin\net.dll
0x00007ffb5e200000 - 0x00007ffb5e26a000 	C:\WINDOWS\system32\mswsock.dll
0x00007ffb43f80000 - 0x00007ffb43f93000 	C:\Program Files\Android\Android Studio\jre\jre\bin\nio.dll
0x00007ffb59b90000 - 0x00007ffb59bb7000 	C:\Users\hieub\.gradle\native\f6784746aeab05261644944871eae4fe03e0ef1612fff0a4a95f87b438bc6780\windows-amd64\native-platform.dll
0x00007ffb4bc70000 - 0x00007ffb4bc7d000 	C:\Program Files\Android\Android Studio\jre\jre\bin\management.dll
0x00007ffb5e3d0000 - 0x00007ffb5e3e8000 	C:\WINDOWS\SYSTEM32\CRYPTSP.dll
0x00007ffb5db20000 - 0x00007ffb5db54000 	C:\WINDOWS\system32\rsaenh.dll
0x00007ffb5f230000 - 0x00007ffb5f257000 	C:\WINDOWS\System32\bcrypt.dll
0x00007ffb5e900000 - 0x00007ffb5e92e000 	C:\WINDOWS\SYSTEM32\USERENV.dll
0x00007ffb5eb20000 - 0x00007ffb5eb9f000 	C:\WINDOWS\System32\bcryptprimitives.dll
0x00007ffb5e3f0000 - 0x00007ffb5e3fc000 	C:\WINDOWS\SYSTEM32\CRYPTBASE.dll
0x00007ffb5dea0000 - 0x00007ffb5dedb000 	C:\WINDOWS\SYSTEM32\IPHLPAPI.DLL
0x00007ffb60550000 - 0x00007ffb60558000 	C:\WINDOWS\System32\NSI.dll
0x00007ffb5bd60000 - 0x00007ffb5bd77000 	C:\WINDOWS\SYSTEM32\dhcpcsvc6.DLL
0x00007ffb5bd40000 - 0x00007ffb5bd5d000 	C:\WINDOWS\SYSTEM32\dhcpcsvc.DLL
0x00007ffb5dee0000 - 0x00007ffb5dfab000 	C:\WINDOWS\SYSTEM32\DNSAPI.dll
0x00007ffb56f20000 - 0x00007ffb56f2b000 	C:\WINDOWS\SYSTEM32\WINNSI.DLL

VM Arguments:
jvm_args: -Xmx2048m -Dfile.encoding=UTF-8 -Duser.country=US -Duser.language=en -Duser.variant 
java_command: org.gradle.launcher.daemon.bootstrap.GradleDaemon 6.5
java_class_path (initial): C:\Users\hieub\.gradle\wrapper\dists\gradle-6.5-bin\6nifqtx7604sqp1q6g8wikw7p\gradle-6.5\lib\gradle-launcher-6.5.jar
Launcher Type: SUN_STANDARD

Environment Variables:
PATH=C:\Python39\Scripts\;C:\Python39\;C:\Program Files\Microsoft MPI\Bin\;C:\Program Files (x86)\Common Files\Oracle\Java\javapath;C:\WINDOWS\system32;C:\WINDOWS;C:\WINDOWS\System32\Wbem;C:\WINDOWS\System32\WindowsPowerShell\v1.0\;C:\WINDOWS\System32\OpenSSH\;C:\Program Files\Java\jdk1.8.0_241\bin;C:\Program Files\dotnet\;C:\Program Files\Microsoft SQL Server\130\Tools\Binn\;C:\Program Files\Java\jre1.8.0_241\bin;C:\netbeans\java\maven\bin;C:\Program Files (x86)\Vim\vim82;C:\_P\Notepad++;C:\Program Files (x86)\NordVPN\;C:\Program Files (x86)\Microsoft SQL Server\110\Tools\Binn\;C:\Program Files\Microsoft SQL Server\110\Tools\Binn\;C:\Program Files\Microsoft SQL Server\110\DTS\Binn\;C:\Program Files (x86)\Microsoft SQL Server\110\Tools\Binn\ManagementStudio\;C:\Program Files (x86)\Microsoft SQL Server\110\DTS\Binn\;C:\Program Files\Git\cmd;C:\Users\hieub\AppData\Local\Microsoft\WindowsApps;C:\Users\hieub\AppData\Roaming\npm;C:\Users\hieub\Desktop;C:\Users\hieub\AppData\Local\Programs\Microsoft VS Code\bin;C:\Users\hieub\Ap;C:\Program Files\nodejs\;C:\ProgramData\chocolatey\bin;C:\Users\hieub\AppData\Local\Microsoft\WindowsApps;C:\Users\hieub\Desktop;C:\Users\hieub\AppData\Local\Programs\Microsoft VS Code\bin;C:\Users\hieub\AppData\Local\Android\Sdk\platform-tools;C:\Users\hieub\AppData\Roaming\npm;D:\SDK\platform-tools;
USERNAME=hieub
OS=Windows_NT
PROCESSOR_IDENTIFIER=Intel64 Family 6 Model 142 Stepping 10, GenuineIntel



---------------  S Y S T E M  ---------------

OS: Windows 10.0 , 64 bit Build 19041 (10.0.19041.546)

CPU:total 8 (initial active 8) (4 cores per cpu, 2 threads per core) family 6 model 142 stepping 10, cmov, cx8, fxsr, mmx, sse, sse2, sse3, ssse3, sse4.1, sse4.2, popcnt, avx, avx2, aes, clmul, erms, 3dnowpref, lzcnt, ht, tsc, tscinvbit, bmi1, bmi2, adx

Memory: 4k page, physical 8266124k(441180k free), swap 12167564k(5780k free)

vm_info: OpenJDK 64-Bit Server VM (25.242-b01) for windows-amd64 JRE (1.8.0_242-release-1644-b01), built by "builder" with MS VC++ 10.0 (VS2010)

time: Sun Nov 08 17:10:44 2020
timezone: SE Asia Standard Time
elapsed time: 6 seconds (0d 0h 0m 6s)

