#
# There is insufficient memory for the Java Runtime Environment to continue.
# Native memory allocation (malloc) failed to allocate 931216 bytes for Chunk::new
# Possible reasons:
#   The system is out of physical RAM or swap space
#   The process is running with CompressedOops enabled, and the Java Heap may be blocking the growth of the native heap
# Possible solutions:
#   Reduce memory load on the system
#   Increase physical memory or swap space
#   Check if swap backing store is full
#   Decrease Java heap size (-Xmx/-Xms)
#   Decrease number of Java threads
#   Decrease Java thread stack sizes (-Xss)
#   Set larger code cache with -XX:ReservedCodeCacheSize=
#   JVM is running with Unscaled Compressed Oops mode in which the Java heap is
#     placed in the first 4GB address space. The Java Heap base address is the
#     maximum limit for the native heap growth. Please use -XX:HeapBaseMinAddress
#     to set the Java Heap base and to place the Java Heap above 4GB virtual address.
# This output file may be truncated or incomplete.
#
#  Out of Memory Error (allocation.cpp:389), pid=3284, tid=0x000000000000310c
#
# JRE version: OpenJDK Runtime Environment (8.0_242-b01) (build 1.8.0_242-release-1644-b01)
# Java VM: OpenJDK 64-Bit Server VM (25.242-b01 mixed mode windows-amd64 compressed oops)
# Failed to write core dump. Minidumps are not enabled by default on client versions of Windows
#

---------------  T H R E A D  ---------------

Current thread (0x000000001a085800):  JavaThread "C2 CompilerThread1" daemon [_thread_in_native, id=12556, stack(0x000000001aa60000,0x000000001ab60000)]

Stack: [0x000000001aa60000,0x000000001ab60000]
[error occurred during error reporting (printing stack bounds), id 0xc0000005]

Native frames: (J=compiled Java code, j=interpreted, Vv=VM code, C=native code)


Current CompileTask:
C2:   5612 1520   !   4       java.net.URLClassLoader$1::run (63 bytes)


---------------  P R O C E S S  ---------------

Java Threads: ( => current thread )
  0x000000001c9f2000 JavaThread "Cache worker for file hash cache (C:\Users\hieub\.gradle\caches\6.5\fileHashes)" [_thread_blocked, id=6912, stack(0x000000001f080000,0x000000001f180000)]
  0x000000001c9ee800 JavaThread "File lock request listener" [_thread_in_native, id=2728, stack(0x000000001ef80000,0x000000001f080000)]
  0x000000001ce65800 JavaThread "Cache worker for journal cache (C:\Users\hieub\.gradle\caches\journal-1)" [_thread_blocked, id=5932, stack(0x000000001ee80000,0x000000001ef80000)]
  0x000000001c022000 JavaThread "Thread-9" [_thread_blocked, id=14576, stack(0x000000001eb80000,0x000000001ec80000)]
  0x000000001afc2000 JavaThread "Stdin handler" [_thread_blocked, id=2256, stack(0x000000001ea80000,0x000000001eb80000)]
  0x000000001afc3000 JavaThread "Asynchronous log dispatcher for DefaultDaemonConnection: socket connection from /127.0.0.1:53051 to /127.0.0.1:53052" [_thread_blocked, id=2620, stack(0x000000001e980000,0x000000001ea80000)]
  0x000000001caa0000 JavaThread "Daemon worker" [_thread_in_Java, id=10920, stack(0x000000001e880000,0x000000001e980000)]
  0x000000001ca9f800 JavaThread "Cancel handler" [_thread_blocked, id=4900, stack(0x000000001e680000,0x000000001e780000)]
  0x000000001ca8b800 JavaThread "Handler for socket connection from /127.0.0.1:53051 to /127.0.0.1:53052" [_thread_in_native, id=14360, stack(0x000000001e580000,0x000000001e680000)]
  0x000000001ca87800 JavaThread "Daemon" [_thread_blocked, id=12172, stack(0x000000001e480000,0x000000001e580000)]
  0x000000001ca63800 JavaThread "Daemon periodic checks" [_thread_blocked, id=5044, stack(0x000000001e180000,0x000000001e280000)]
  0x000000001ca06000 JavaThread "Incoming local TCP Connector on port 53051" [_thread_in_native, id=6312, stack(0x000000001df40000,0x000000001e040000)]
  0x000000001c728800 JavaThread "Daemon health stats" [_thread_blocked, id=11068, stack(0x000000001d900000,0x000000001da00000)]
  0x000000001a0d0800 JavaThread "Service Thread" daemon [_thread_blocked, id=7176, stack(0x000000001ad60000,0x000000001ae60000)]
  0x000000001a094000 JavaThread "C1 CompilerThread3" daemon [_thread_in_native, id=14552, stack(0x000000001ac60000,0x000000001ad60000)]
  0x000000001a08c800 JavaThread "C2 CompilerThread2" daemon [_thread_blocked, id=5064, stack(0x000000001ab60000,0x000000001ac60000)]
=>0x000000001a085800 JavaThread "C2 CompilerThread1" daemon [_thread_in_native, id=12556, stack(0x000000001aa60000,0x000000001ab60000)]
  0x000000001a081800 JavaThread "C2 CompilerThread0" daemon [_thread_in_native, id=2532, stack(0x000000001a960000,0x000000001aa60000)]
  0x000000001a080800 JavaThread "Attach Listener" daemon [_thread_blocked, id=10064, stack(0x000000001a860000,0x000000001a960000)]
  0x000000001a07e000 JavaThread "Signal Dispatcher" daemon [_thread_blocked, id=8796, stack(0x000000001a760000,0x000000001a860000)]
  0x000000001a071800 JavaThread "Finalizer" daemon [_thread_blocked, id=8492, stack(0x000000001a550000,0x000000001a650000)]
  0x000000001827c800 JavaThread "Reference Handler" daemon [_thread_blocked, id=8304, stack(0x000000001a450000,0x000000001a550000)]
  0x0000000003112800 JavaThread "main" [_thread_blocked, id=15200, stack(0x0000000002fa0000,0x00000000030a0000)]

Other Threads:
  0x0000000003205800 VMThread [stack: 0x0000000019f50000,0x000000001a050000] [id=15196]
  0x000000001a0d1000 WatcherThread [stack: 0x000000001ae60000,0x000000001af60000] [id=3824]

VM state:not at safepoint (normal execution)

VM Mutex/Monitor currently owned by a thread: None

heap address: 0x0000000080000000, size: 2048 MB, Compressed Oops mode: 32-bit
Narrow klass base: 0x0000000000000000, Narrow klass shift: 3
Compressed class space size: 1073741824 Address: 0x0000000100000000

Heap:
 PSYoungGen      total 38400K, used 29251K [0x00000000d5580000, 0x00000000da080000, 0x0000000100000000)
  eden space 33280K, 72% used [0x00000000d5580000,0x00000000d6d11f08,0x00000000d7600000)
  from space 5120K, 99% used [0x00000000d7b00000,0x00000000d7ffefd8,0x00000000d8000000)
  to   space 5120K, 0% used [0x00000000d7600000,0x00000000d7600000,0x00000000d7b00000)
 ParOldGen       total 87552K, used 3580K [0x0000000080000000, 0x0000000085580000, 0x00000000d5580000)
  object space 87552K, 4% used [0x0000000080000000,0x000000008037f200,0x0000000085580000)
 Metaspace       used 16937K, capacity 17464K, committed 17664K, reserved 1064960K
  class space    used 2294K, capacity 2434K, committed 2560K, reserved 1048576K

Card table byte_map: [0x00000000125d0000,0x00000000129e0000] byte_map_base: 0x00000000121d0000

Marking Bits: (ParMarkBitMap*) 0x0000000060d1f030
 Begin Bits: [0x0000000013490000, 0x0000000015490000)
 End Bits:   [0x0000000015490000, 0x0000000017490000)

Polling page: 0x00000000030a0000

CodeCache: size=245760Kb used=5415Kb max_used=5415Kb free=240344Kb
 bounds [0x0000000003210000, 0x0000000003760000, 0x0000000012210000]
 total_blobs=1941 nmethods=1542 adapters=312
 compilation: enabled

Compilation events (10 events):
Event: 5.568 Thread 0x000000001a08c800 1537       4       java.lang.String::<init> (100 bytes)
Event: 5.571 Thread 0x000000001a094000 1538       3       java.lang.invoke.MethodType$ConcurrentWeakInternSet$WeakEntry::<init> (15 bytes)
Event: 5.572 Thread 0x000000001a094000 nmethod 1538 0x0000000003756950 code [0x0000000003756ae0, 0x0000000003756ec8]
Event: 5.575 Thread 0x000000001a08c800 nmethod 1537 0x0000000003759f50 code [0x000000000375a0a0, 0x000000000375a3b8]
Event: 5.594 Thread 0x000000001a094000 1540       3       sun.reflect.ReflectionFactory::checkInitted (19 bytes)
Event: 5.595 Thread 0x000000001a094000 nmethod 1540 0x0000000003759a10 code [0x0000000003759b80, 0x0000000003759e48]
Event: 5.598 Thread 0x000000001a094000 1542       3       sun.reflect.MethodAccessorImpl::<init> (5 bytes)
Event: 5.598 Thread 0x000000001a094000 nmethod 1542 0x00000000037595d0 code [0x0000000003759740, 0x0000000003759950]
Event: 5.598 Thread 0x000000001a094000 1541       1       java.lang.reflect.Method::getMethodAccessor (5 bytes)
Event: 5.598 Thread 0x000000001a094000 nmethod 1541 0x0000000003759310 code [0x0000000003759460, 0x0000000003759570]

GC Heap History (8 events):
Event: 0.998 GC heap before
{Heap before GC invocations=1 (full 0):
 PSYoungGen      total 38400K, used 33280K [0x00000000d5580000, 0x00000000d8000000, 0x0000000100000000)
  eden space 33280K, 100% used [0x00000000d5580000,0x00000000d7600000,0x00000000d7600000)
  from space 5120K, 0% used [0x00000000d7b00000,0x00000000d7b00000,0x00000000d8000000)
  to   space 5120K, 0% used [0x00000000d7600000,0x00000000d7600000,0x00000000d7b00000)
 ParOldGen       total 87552K, used 0K [0x0000000080000000, 0x0000000085580000, 0x00000000d5580000)
  object space 87552K, 0% used [0x0000000080000000,0x0000000080000000,0x0000000085580000)
 Metaspace       used 7213K, capacity 7446K, committed 7680K, reserved 1056768K
  class space    used 890K, capacity 973K, committed 1024K, reserved 1048576K
Event: 1.005 GC heap after
Heap after GC invocations=1 (full 0):
 PSYoungGen      total 38400K, used 4465K [0x00000000d5580000, 0x00000000d8000000, 0x0000000100000000)
  eden space 33280K, 0% used [0x00000000d5580000,0x00000000d5580000,0x00000000d7600000)
  from space 5120K, 87% used [0x00000000d7600000,0x00000000d7a5c690,0x00000000d7b00000)
  to   space 5120K, 0% used [0x00000000d7b00000,0x00000000d7b00000,0x00000000d8000000)
 ParOldGen       total 87552K, used 16K [0x0000000080000000, 0x0000000085580000, 0x00000000d5580000)
  object space 87552K, 0% used [0x0000000080000000,0x0000000080004000,0x0000000085580000)
 Metaspace       used 7213K, capacity 7446K, committed 7680K, reserved 1056768K
  class space    used 890K, capacity 973K, committed 1024K, reserved 1048576K
}
Event: 1.437 GC heap before
{Heap before GC invocations=2 (full 0):
 PSYoungGen      total 38400K, used 37745K [0x00000000d5580000, 0x00000000d8000000, 0x0000000100000000)
  eden space 33280K, 100% used [0x00000000d5580000,0x00000000d7600000,0x00000000d7600000)
  from space 5120K, 87% used [0x00000000d7600000,0x00000000d7a5c690,0x00000000d7b00000)
  to   space 5120K, 0% used [0x00000000d7b00000,0x00000000d7b00000,0x00000000d8000000)
 ParOldGen       total 87552K, used 16K [0x0000000080000000, 0x0000000085580000, 0x00000000d5580000)
  object space 87552K, 0% used [0x0000000080000000,0x0000000080004000,0x0000000085580000)
 Metaspace       used 7460K, capacity 7758K, committed 7936K, reserved 1056768K
  class space    used 916K, capacity 1013K, committed 1024K, reserved 1048576K
Event: 1.442 GC heap after
Heap after GC invocations=2 (full 0):
 PSYoungGen      total 38400K, used 3281K [0x00000000d5580000, 0x00000000d8000000, 0x0000000100000000)
  eden space 33280K, 0% used [0x00000000d5580000,0x00000000d5580000,0x00000000d7600000)
  from space 5120K, 64% used [0x00000000d7b00000,0x00000000d7e345f8,0x00000000d8000000)
  to   space 5120K, 0% used [0x00000000d7600000,0x00000000d7600000,0x00000000d7b00000)
 ParOldGen       total 87552K, used 24K [0x0000000080000000, 0x0000000085580000, 0x00000000d5580000)
  object space 87552K, 0% used [0x0000000080000000,0x0000000080006000,0x0000000085580000)
 Metaspace       used 7460K, capacity 7758K, committed 7936K, reserved 1056768K
  class space    used 916K, capacity 1013K, committed 1024K, reserved 1048576K
}
Event: 4.809 GC heap before
{Heap before GC invocations=3 (full 0):
 PSYoungGen      total 38400K, used 36561K [0x00000000d5580000, 0x00000000d8000000, 0x0000000100000000)
  eden space 33280K, 100% used [0x00000000d5580000,0x00000000d7600000,0x00000000d7600000)
  from space 5120K, 64% used [0x00000000d7b00000,0x00000000d7e345f8,0x00000000d8000000)
  to   space 5120K, 0% used [0x00000000d7600000,0x00000000d7600000,0x00000000d7b00000)
 ParOldGen       total 87552K, used 24K [0x0000000080000000, 0x0000000085580000, 0x00000000d5580000)
  object space 87552K, 0% used [0x0000000080000000,0x0000000080006000,0x0000000085580000)
 Metaspace       used 12096K, capacity 12436K, committed 12544K, reserved 1060864K
  class space    used 1611K, capacity 1726K, committed 1792K, reserved 1048576K
Event: 4.817 GC heap after
Heap after GC invocations=3 (full 0):
 PSYoungGen      total 38400K, used 5104K [0x00000000d5580000, 0x00000000d8000000, 0x0000000100000000)
  eden space 33280K, 0% used [0x00000000d5580000,0x00000000d5580000,0x00000000d7600000)
  from space 5120K, 99% used [0x00000000d7600000,0x00000000d7afc010,0x00000000d7b00000)
  to   space 5120K, 0% used [0x00000000d7b00000,0x00000000d7b00000,0x00000000d8000000)
 ParOldGen       total 87552K, used 1206K [0x0000000080000000, 0x0000000085580000, 0x00000000d5580000)
  object space 87552K, 1% used [0x0000000080000000,0x000000008012daa0,0x0000000085580000)
 Metaspace       used 12096K, capacity 12436K, committed 12544K, reserved 1060864K
  class space    used 1611K, capacity 1726K, committed 1792K, reserved 1048576K
}
Event: 5.294 GC heap before
{Heap before GC invocations=4 (full 0):
 PSYoungGen      total 38400K, used 38384K [0x00000000d5580000, 0x00000000d8000000, 0x0000000100000000)
  eden space 33280K, 100% used [0x00000000d5580000,0x00000000d7600000,0x00000000d7600000)
  from space 5120K, 99% used [0x00000000d7600000,0x00000000d7afc010,0x00000000d7b00000)
  to   space 5120K, 0% used [0x00000000d7b00000,0x00000000d7b00000,0x00000000d8000000)
 ParOldGen       total 87552K, used 1206K [0x0000000080000000, 0x0000000085580000, 0x00000000d5580000)
  object space 87552K, 1% used [0x0000000080000000,0x000000008012daa0,0x0000000085580000)
 Metaspace       used 15323K, capacity 15822K, committed 16128K, reserved 1062912K
  class space    used 2022K, capacity 2185K, committed 2304K, reserved 1048576K
Event: 5.307 GC heap after
Heap after GC invocations=4 (full 0):
 PSYoungGen      total 38400K, used 5115K [0x00000000d5580000, 0x00000000da080000, 0x0000000100000000)
  eden space 33280K, 0% used [0x00000000d5580000,0x00000000d5580000,0x00000000d7600000)
  from space 5120K, 99% used [0x00000000d7b00000,0x00000000d7ffefd8,0x00000000d8000000)
  to   space 5120K, 0% used [0x00000000d7600000,0x00000000d7600000,0x00000000d7b00000)
 ParOldGen       total 87552K, used 3580K [0x0000000080000000, 0x0000000085580000, 0x00000000d5580000)
  object space 87552K, 4% used [0x0000000080000000,0x000000008037f200,0x0000000085580000)
 Metaspace       used 15323K, capacity 15822K, committed 16128K, reserved 1062912K
  class space    used 2022K, capacity 2185K, committed 2304K, reserved 1048576K
}

Deoptimization events (10 events):
Event: 4.827 Thread 0x000000001caa0000 Uncommon trap: reason=bimorphic action=maybe_recompile pc=0x00000000034d994c method=java.util.HashMap.putVal(ILjava/lang/Object;Ljava/lang/Object;ZZ)Ljava/lang/Object; @ 253
Event: 4.827 Thread 0x000000001caa0000 Uncommon trap: reason=bimorphic action=maybe_recompile pc=0x00000000034d994c method=java.util.HashMap.putVal(ILjava/lang/Object;Ljava/lang/Object;ZZ)Ljava/lang/Object; @ 253
Event: 4.828 Thread 0x000000001caa0000 Uncommon trap: reason=bimorphic action=maybe_recompile pc=0x00000000034d994c method=java.util.HashMap.putVal(ILjava/lang/Object;Ljava/lang/Object;ZZ)Ljava/lang/Object; @ 253
Event: 4.828 Thread 0x000000001caa0000 Uncommon trap: reason=bimorphic action=maybe_recompile pc=0x00000000034d994c method=java.util.HashMap.putVal(ILjava/lang/Object;Ljava/lang/Object;ZZ)Ljava/lang/Object; @ 253
Event: 5.130 Thread 0x000000001caa0000 Uncommon trap: reason=class_check action=maybe_recompile pc=0x000000000352a298 method=java.util.regex.Matcher.match(II)Z @ 86
Event: 5.154 Thread 0x000000001caa0000 Uncommon trap: reason=class_check action=maybe_recompile pc=0x000000000352a298 method=java.util.regex.Matcher.match(II)Z @ 86
Event: 5.154 Thread 0x000000001caa0000 Uncommon trap: reason=class_check action=maybe_recompile pc=0x000000000352a298 method=java.util.regex.Matcher.match(II)Z @ 86
Event: 5.155 Thread 0x000000001caa0000 Uncommon trap: reason=class_check action=maybe_recompile pc=0x00000000033c684c method=java.util.regex.Matcher.match(II)Z @ 86
Event: 5.324 Thread 0x000000001caa0000 Uncommon trap: reason=unstable_if action=reinterpret pc=0x000000000352efdc method=java.io.File.getName()Ljava/lang/String; @ 16
Event: 5.324 Thread 0x000000001caa0000 Uncommon trap: reason=unstable_if action=reinterpret pc=0x00000000035288dc method=java.lang.String.substring(I)Ljava/lang/String; @ 35

Classes redefined (0 events):
No events

Internal exceptions (10 events):
Event: 4.750 Thread 0x000000001ca8b800 Exception <a 'java/lang/NoSuchMethodError': <clinit>> (0x00000000d7401680) thrown at [C:\src\AOSP-openjdk-git\hotspot\src\share\vm\prims\jni.cpp, line 1615]
Event: 4.752 Thread 0x000000001ca8b800 Exception <a 'java/lang/NoSuchMethodError': <clinit>> (0x00000000d740ad88) thrown at [C:\src\AOSP-openjdk-git\hotspot\src\share\vm\prims\jni.cpp, line 1615]
Event: 4.754 Thread 0x000000001ca8b800 Exception <a 'java/lang/NoSuchMethodError': <clinit>> (0x00000000d741f370) thrown at [C:\src\AOSP-openjdk-git\hotspot\src\share\vm\prims\jni.cpp, line 1615]
Event: 4.767 Thread 0x000000001ca8b800 Exception <a 'java/lang/NoSuchMethodError': <clinit>> (0x00000000d748cb38) thrown at [C:\src\AOSP-openjdk-git\hotspot\src\share\vm\prims\jni.cpp, line 1615]
Event: 4.773 Thread 0x000000001ca8b800 Exception <a 'java/lang/NoSuchMethodError': <clinit>> (0x00000000d74c70e0) thrown at [C:\src\AOSP-openjdk-git\hotspot\src\share\vm\prims\jni.cpp, line 1615]
Event: 4.782 Thread 0x000000001ca8b800 Exception <a 'java/lang/NoSuchMethodError': <clinit>> (0x00000000d74fcd20) thrown at [C:\src\AOSP-openjdk-git\hotspot\src\share\vm\prims\jni.cpp, line 1615]
Event: 4.784 Thread 0x000000001ca8b800 Exception <a 'java/lang/NoSuchMethodError': <clinit>> (0x00000000d7509250) thrown at [C:\src\AOSP-openjdk-git\hotspot\src\share\vm\prims\jni.cpp, line 1615]
Event: 5.373 Thread 0x000000001caa0000 Exception <a 'java/lang/NoSuchMethodError': java.lang.Object.lambda$and$0(Ljava/util/function/Predicate;Ljava/lang/Object;)Z> (0x00000000d57d06c8) thrown at [C:\src\AOSP-openjdk-git\hotspot\src\share\vm\interpreter\linkResolver.cpp, line 620]
Event: 5.381 Thread 0x000000001caa0000 Exception <a 'java/lang/IncompatibleClassChangeError': Found class java.lang.Object, but interface was expected> (0x00000000d57e09c0) thrown at [C:\src\AOSP-openjdk-git\hotspot\src\share\vm\interpreter\linkResolver.cpp, line 653]
Event: 5.384 Thread 0x000000001caa0000 Exception <a 'java/lang/NoSuchMethodError': java.lang.Object.lambda$or$2(Ljava/util/function/Predicate;Ljava/lang/Object;)Z> (0x00000000d57e5510) thrown at [C:\src\AOSP-openjdk-git\hotspot\src\share\vm\interpreter\linkResolver.cpp, line 620]

Events (10 events):
Event: 5.606 loading class org/gradle/instantexecution/initialization/InstantExecutionStartParameter$instantExecutionCacheKey$2
Event: 5.606 loading class org/gradle/instantexecution/initialization/InstantExecutionStartParameter$instantExecutionCacheKey$2 done
Event: 5.607 loading class org/gradle/instantexecution/InstantExecutionReport$Companion
Event: 5.607 loading class org/gradle/instantexecution/InstantExecutionReport$Companion done
Event: 5.608 loading class org/gradle/instantexecution/InstantExecutionReport$outputDirectory$2
Event: 5.608 loading class org/gradle/instantexecution/InstantExecutionReport$outputDirectory$2 done
Event: 5.609 loading class kotlin/SynchronizedLazyImpl
Event: 5.609 loading class kotlin/SynchronizedLazyImpl done
Event: 5.609 loading class kotlin/Metadata
Event: 5.609 loading class kotlin/Metadata done


Dynamic libraries:
0x00007ff7a7420000 - 0x00007ff7a7451000 	C:\Program Files\Android\Android Studio\jre\bin\java.exe
0x00007ffb612d0000 - 0x00007ffb614c6000 	C:\WINDOWS\SYSTEM32\ntdll.dll
0x00007ffb60bd0000 - 0x00007ffb60c8d000 	C:\WINDOWS\System32\KERNEL32.DLL
0x00007ffb5eca0000 - 0x00007ffb5ef68000 	C:\WINDOWS\System32\KERNELBASE.dll
0x00007ffb607b0000 - 0x00007ffb6085c000 	C:\WINDOWS\System32\ADVAPI32.dll
0x00007ffb60c90000 - 0x00007ffb60d2e000 	C:\WINDOWS\System32\msvcrt.dll
0x00007ffb60d60000 - 0x00007ffb60dfb000 	C:\WINDOWS\System32\sechost.dll
0x00007ffb60aa0000 - 0x00007ffb60bc3000 	C:\WINDOWS\System32\RPCRT4.dll
0x00007ffb603a0000 - 0x00007ffb60540000 	C:\WINDOWS\System32\USER32.dll
0x00007ffb5f300000 - 0x00007ffb5f322000 	C:\WINDOWS\System32\win32u.dll
0x00007ffb60610000 - 0x00007ffb6063a000 	C:\WINDOWS\System32\GDI32.dll
0x00007ffb5ea10000 - 0x00007ffb5eb19000 	C:\WINDOWS\System32\gdi32full.dll
0x00007ffb5f260000 - 0x00007ffb5f2fd000 	C:\WINDOWS\System32\msvcp_win.dll
0x00007ffb5eba0000 - 0x00007ffb5eca0000 	C:\WINDOWS\System32\ucrtbase.dll
0x00007ffb4c8e0000 - 0x00007ffb4cb7b000 	C:\WINDOWS\WinSxS\amd64_microsoft.windows.common-controls_6595b64144ccf1df_6.0.19041.488_none_ca04af081b815d21\COMCTL32.dll
0x00007ffb60d30000 - 0x00007ffb60d60000 	C:\WINDOWS\System32\IMM32.DLL
0x0000000060470000 - 0x0000000060542000 	C:\Program Files\Android\Android Studio\jre\jre\bin\msvcr100.dll
0x0000000060550000 - 0x0000000060d9b000 	C:\Program Files\Android\Android Studio\jre\jre\bin\server\jvm.dll
0x00007ffb60540000 - 0x00007ffb60548000 	C:\WINDOWS\System32\PSAPI.DLL
0x00007ffb47f10000 - 0x00007ffb47f19000 	C:\WINDOWS\SYSTEM32\WSOCK32.dll
0x00007ffb57bb0000 - 0x00007ffb57bba000 	C:\WINDOWS\SYSTEM32\VERSION.dll
0x00007ffb3bf50000 - 0x00007ffb3bf77000 	C:\WINDOWS\SYSTEM32\WINMM.dll
0x00007ffb5fbe0000 - 0x00007ffb5fc4b000 	C:\WINDOWS\System32\WS2_32.dll
0x00007ffb59bf0000 - 0x00007ffb59bff000 	C:\Program Files\Android\Android Studio\jre\jre\bin\verify.dll
0x00007ffb4bd00000 - 0x00007ffb4bd29000 	C:\Program Files\Android\Android Studio\jre\jre\bin\java.dll
0x00007ffb4bc80000 - 0x00007ffb4bc96000 	C:\Program Files\Android\Android Studio\jre\jre\bin\zip.dll
0x00007ffb5fc50000 - 0x00007ffb60391000 	C:\WINDOWS\System32\SHELL32.dll
0x00007ffb5c7a0000 - 0x00007ffb5cf35000 	C:\WINDOWS\SYSTEM32\windows.storage.dll
0x00007ffb60f30000 - 0x00007ffb61285000 	C:\WINDOWS\System32\combase.dll
0x00007ffb5e480000 - 0x00007ffb5e4ac000 	C:\WINDOWS\SYSTEM32\Wldp.dll
0x00007ffb5f330000 - 0x00007ffb5f3de000 	C:\WINDOWS\System32\SHCORE.dll
0x00007ffb5f590000 - 0x00007ffb5f5e5000 	C:\WINDOWS\System32\shlwapi.dll
0x00007ffb5e940000 - 0x00007ffb5e966000 	C:\WINDOWS\SYSTEM32\profapi.dll
0x00007ffb4b340000 - 0x00007ffb4b35a000 	C:\Program Files\Android\Android Studio\jre\jre\bin\net.dll
0x00007ffb5e200000 - 0x00007ffb5e26a000 	C:\WINDOWS\system32\mswsock.dll
0x00007ffb43f80000 - 0x00007ffb43f93000 	C:\Program Files\Android\Android Studio\jre\jre\bin\nio.dll
0x00007ffb59b90000 - 0x00007ffb59bb7000 	C:\Users\hieub\.gradle\native\f6784746aeab05261644944871eae4fe03e0ef1612fff0a4a95f87b438bc6780\windows-amd64\native-platform.dll
0x00007ffb4bc70000 - 0x00007ffb4bc7d000 	C:\Program Files\Android\Android Studio\jre\jre\bin\management.dll
0x00007ffb5e3d0000 - 0x00007ffb5e3e8000 	C:\WINDOWS\SYSTEM32\CRYPTSP.dll
0x00007ffb5db20000 - 0x00007ffb5db54000 	C:\WINDOWS\system32\rsaenh.dll
0x00007ffb5f230000 - 0x00007ffb5f257000 	C:\WINDOWS\System32\bcrypt.dll
0x00007ffb5e900000 - 0x00007ffb5e92e000 	C:\WINDOWS\SYSTEM32\USERENV.dll
0x00007ffb5eb20000 - 0x00007ffb5eb9f000 	C:\WINDOWS\System32\bcryptprimitives.dll
0x00007ffb5e3f0000 - 0x00007ffb5e3fc000 	C:\WINDOWS\SYSTEM32\CRYPTBASE.dll
0x00007ffb5dea0000 - 0x00007ffb5dedb000 	C:\WINDOWS\SYSTEM32\IPHLPAPI.DLL
0x00007ffb60550000 - 0x00007ffb60558000 	C:\WINDOWS\System32\NSI.dll
0x00007ffb5bd60000 - 0x00007ffb5bd77000 	C:\WINDOWS\SYSTEM32\dhcpcsvc6.DLL
0x00007ffb5bd40000 - 0x00007ffb5bd5d000 	C:\WINDOWS\SYSTEM32\dhcpcsvc.DLL
0x00007ffb5dee0000 - 0x00007ffb5dfab000 	C:\WINDOWS\SYSTEM32\DNSAPI.dll
0x00007ffb56f20000 - 0x00007ffb56f2b000 	C:\WINDOWS\SYSTEM32\WINNSI.DLL

VM Arguments:
jvm_args: -Xmx2048m -Dfile.encoding=UTF-8 -Duser.country=US -Duser.language=en -Duser.variant 
java_command: org.gradle.launcher.daemon.bootstrap.GradleDaemon 6.5
java_class_path (initial): C:\Users\hieub\.gradle\wrapper\dists\gradle-6.5-bin\6nifqtx7604sqp1q6g8wikw7p\gradle-6.5\lib\gradle-launcher-6.5.jar
Launcher Type: SUN_STANDARD

Environment Variables:
PATH=C:\Python39\Scripts\;C:\Python39\;C:\Program Files\Microsoft MPI\Bin\;C:\Program Files (x86)\Common Files\Oracle\Java\javapath;C:\WINDOWS\system32;C:\WINDOWS;C:\WINDOWS\System32\Wbem;C:\WINDOWS\System32\WindowsPowerShell\v1.0\;C:\WINDOWS\System32\OpenSSH\;C:\Program Files\Java\jdk1.8.0_241\bin;C:\Program Files\dotnet\;C:\Program Files\Microsoft SQL Server\130\Tools\Binn\;C:\Program Files\Java\jre1.8.0_241\bin;C:\netbeans\java\maven\bin;C:\Program Files (x86)\Vim\vim82;C:\_P\Notepad++;C:\Program Files (x86)\NordVPN\;C:\Program Files (x86)\Microsoft SQL Server\110\Tools\Binn\;C:\Program Files\Microsoft SQL Server\110\Tools\Binn\;C:\Program Files\Microsoft SQL Server\110\DTS\Binn\;C:\Program Files (x86)\Microsoft SQL Server\110\Tools\Binn\ManagementStudio\;C:\Program Files (x86)\Microsoft SQL Server\110\DTS\Binn\;C:\Program Files\Git\cmd;C:\Users\hieub\AppData\Local\Microsoft\WindowsApps;C:\Users\hieub\AppData\Roaming\npm;C:\Users\hieub\Desktop;C:\Users\hieub\AppData\Local\Programs\Microsoft VS Code\bin;C:\Users\hieub\Ap;C:\Program Files\nodejs\;C:\ProgramData\chocolatey\bin;C:\Users\hieub\AppData\Local\Microsoft\WindowsApps;C:\Users\hieub\Desktop;C:\Users\hieub\AppData\Local\Programs\Microsoft VS Code\bin;C:\Users\hieub\AppData\Local\Android\Sdk\platform-tools;C:\Users\hieub\AppData\Roaming\npm;D:\SDK\platform-tools;
USERNAME=hieub
OS=Windows_NT
PROCESSOR_IDENTIFIER=Intel64 Family 6 Model 142 Stepping 10, GenuineIntel



---------------  S Y S T E M  ---------------

OS: Windows 10.0 , 64 bit Build 19041 (10.0.19041.546)

CPU:total 8 (initial active 8) (4 cores per cpu, 2 threads per core) family 6 model 142 stepping 10, cmov, cx8, fxsr, mmx, sse, sse2, sse3, ssse3, sse4.1, sse4.2, popcnt, avx, avx2, aes, clmul, erms, 3dnowpref, lzcnt, ht, tsc, tscinvbit, bmi1, bmi2, adx

Memory: 4k page, physical 8266124k(607844k free), swap 12167564k(5368k free)

vm_info: OpenJDK 64-Bit Server VM (25.242-b01) for windows-amd64 JRE (1.8.0_242-release-1644-b01), built by "builder" with MS VC++ 10.0 (VS2010)

time: Sun Nov 08 17:11:51 2020
timezone: SE Asia Standard Time
elapsed time: 5 seconds (0d 0h 0m 5s)

