#
# There is insufficient memory for the Java Runtime Environment to continue.
# Native memory allocation (malloc) failed to allocate 1091120 bytes for Chunk::new
# Possible reasons:
#   The system is out of physical RAM or swap space
#   The process is running with CompressedOops enabled, and the Java Heap may be blocking the growth of the native heap
# Possible solutions:
#   Reduce memory load on the system
#   Increase physical memory or swap space
#   Check if swap backing store is full
#   Decrease Java heap size (-Xmx/-Xms)
#   Decrease number of Java threads
#   Decrease Java thread stack sizes (-Xss)
#   Set larger code cache with -XX:ReservedCodeCacheSize=
#   JVM is running with Unscaled Compressed Oops mode in which the Java heap is
#     placed in the first 4GB address space. The Java Heap base address is the
#     maximum limit for the native heap growth. Please use -XX:HeapBaseMinAddress
#     to set the Java Heap base and to place the Java Heap above 4GB virtual address.
# This output file may be truncated or incomplete.
#
#  Out of Memory Error (allocation.cpp:389), pid=15312, tid=0x00000000000002a4
#
# JRE version: OpenJDK Runtime Environment (8.0_242-b01) (build 1.8.0_242-release-1644-b01)
# Java VM: OpenJDK 64-Bit Server VM (25.242-b01 mixed mode windows-amd64 compressed oops)
# Failed to write core dump. Minidumps are not enabled by default on client versions of Windows
#

---------------  T H R E A D  ---------------

Current thread (0x00000000194b7000):  JavaThread "C2 CompilerThread1" daemon [_thread_in_native, id=676, stack(0x0000000019e80000,0x0000000019f80000)]

Stack: [0x0000000019e80000,0x0000000019f80000]
[error occurred during error reporting (printing stack bounds), id 0xc0000005]

Native frames: (J=compiled Java code, j=interpreted, Vv=VM code, C=native code)


Current CompileTask:
C2:   9386 3760       4       java.net.URLClassLoader$1::run (5 bytes)


---------------  P R O C E S S  ---------------

Java Threads: ( => current thread )
  0x0000000021c92000 JavaThread "Cache worker for Build Output Cleanup Cache (F:\Learn_code_on_College\Chuyen-de-di-dong\codeProject\Hotel_Booking_App_Of_User\.gradle\buildOutputCleanup)" [_thread_blocked, id=13376, stack(0x0000000024aa0000,0x0000000024ba0000)]
  0x000000001c573000 JavaThread "jar transforms Thread 94" [_thread_blocked, id=1588, stack(0x000000002a860000,0x000000002a960000)]
  0x000000001c574800 JavaThread "jar transforms Thread 93" [_thread_blocked, id=5380, stack(0x000000002a760000,0x000000002a860000)]
  0x000000001c572000 JavaThread "jar transforms Thread 92" [_thread_blocked, id=5920, stack(0x000000002a560000,0x000000002a660000)]
  0x000000001c577800 JavaThread "jar transforms Thread 91" [_thread_blocked, id=3116, stack(0x000000002a460000,0x000000002a560000)]
  0x000000001c573800 JavaThread "jar transforms Thread 90" [_thread_blocked, id=15344, stack(0x000000002a360000,0x000000002a460000)]
  0x000000001c575000 JavaThread "jar transforms Thread 89" [_thread_blocked, id=1012, stack(0x000000002a260000,0x000000002a360000)]
  0x000000001c571800 JavaThread "jar transforms Thread 88" [_thread_blocked, id=13764, stack(0x000000002a160000,0x000000002a260000)]
  0x000000001c576800 JavaThread "jar transforms Thread 87" [_thread_blocked, id=12520, stack(0x000000002a060000,0x000000002a160000)]
  0x000000001c56b800 JavaThread "jar transforms Thread 86" [_thread_blocked, id=6200, stack(0x0000000029f60000,0x000000002a060000)]
  0x000000001c570800 JavaThread "jar transforms Thread 85" [_thread_blocked, id=10888, stack(0x0000000029e60000,0x0000000029f60000)]
  0x000000001c569000 JavaThread "jar transforms Thread 84" [_thread_blocked, id=12164, stack(0x0000000029d60000,0x0000000029e60000)]
  0x000000001c570000 JavaThread "jar transforms Thread 83" [_thread_blocked, id=15268, stack(0x0000000029c60000,0x0000000029d60000)]
  0x000000001c56f000 JavaThread "jar transforms Thread 82" [_thread_blocked, id=4160, stack(0x0000000029b60000,0x0000000029c60000)]
  0x000000001c56a800 JavaThread "jar transforms Thread 81" [_thread_blocked, id=6180, stack(0x0000000029a60000,0x0000000029b60000)]
  0x000000001c56e800 JavaThread "jar transforms Thread 80" [_thread_blocked, id=5912, stack(0x0000000029960000,0x0000000029a60000)]
  0x000000001c56d800 JavaThread "jar transforms Thread 79" [_thread_blocked, id=6284, stack(0x0000000029860000,0x0000000029960000)]
  0x000000001c56c000 JavaThread "jar transforms Thread 78" [_thread_blocked, id=2644, stack(0x0000000029760000,0x0000000029860000)]
  0x000000001c56a000 JavaThread "jar transforms Thread 77" [_thread_blocked, id=14352, stack(0x0000000029660000,0x0000000029760000)]
  0x000000001c568800 JavaThread "jar transforms Thread 76" [_thread_blocked, id=1908, stack(0x0000000029560000,0x0000000029660000)]
  0x000000001c56d000 JavaThread "jar transforms Thread 75" [_thread_blocked, id=15232, stack(0x0000000029460000,0x0000000029560000)]
  0x000000002182e800 JavaThread "jar transforms Thread 74" [_thread_blocked, id=12536, stack(0x0000000029360000,0x0000000029460000)]
  0x000000002182d800 JavaThread "jar transforms Thread 73" [_thread_blocked, id=472, stack(0x0000000029260000,0x0000000029360000)]
  0x000000002182a800 JavaThread "jar transforms Thread 72" [_thread_blocked, id=14504, stack(0x0000000029160000,0x0000000029260000)]
  0x000000002182d000 JavaThread "jar transforms Thread 71" [_thread_blocked, id=11800, stack(0x0000000029060000,0x0000000029160000)]
  0x000000002182a000 JavaThread "jar transforms Thread 70" [_thread_blocked, id=5548, stack(0x0000000028f60000,0x0000000029060000)]
  0x000000002182b800 JavaThread "jar transforms Thread 69" [_thread_blocked, id=12776, stack(0x0000000028e60000,0x0000000028f60000)]
  0x000000002182c000 JavaThread "jar transforms Thread 68" [_thread_blocked, id=13156, stack(0x0000000028d60000,0x0000000028e60000)]
  0x0000000021829000 JavaThread "jar transforms Thread 67" [_thread_blocked, id=13020, stack(0x0000000028c60000,0x0000000028d60000)]
  0x0000000021821800 JavaThread "jar transforms Thread 66" [_thread_blocked, id=6540, stack(0x0000000028b60000,0x0000000028c60000)]
  0x0000000021828800 JavaThread "jar transforms Thread 65" [_thread_blocked, id=11724, stack(0x0000000028a60000,0x0000000028b60000)]
  0x0000000021821000 JavaThread "jar transforms Thread 64" [_thread_blocked, id=14816, stack(0x0000000028960000,0x0000000028a60000)]
  0x0000000021827800 JavaThread "jar transforms Thread 63" [_thread_blocked, id=14708, stack(0x0000000028860000,0x0000000028960000)]
  0x0000000021822800 JavaThread "jar transforms Thread 62" [_thread_blocked, id=1964, stack(0x0000000028760000,0x0000000028860000)]
  0x0000000021820000 JavaThread "jar transforms Thread 61" [_thread_blocked, id=9264, stack(0x0000000024050000,0x0000000024150000)]
  0x0000000021827000 JavaThread "jar transforms Thread 60" [_thread_blocked, id=3784, stack(0x0000000023f50000,0x0000000024050000)]
  0x000000002181f800 JavaThread "jar transforms Thread 59" [_thread_blocked, id=15308, stack(0x0000000028430000,0x0000000028530000)]
  0x0000000021826000 JavaThread "jar transforms Thread 58" [_thread_blocked, id=12444, stack(0x0000000028330000,0x0000000028430000)]
  0x0000000021824000 JavaThread "jar transforms Thread 57" [_thread_blocked, id=6504, stack(0x0000000028230000,0x0000000028330000)]
  0x0000000021825800 JavaThread "jar transforms Thread 56" [_thread_blocked, id=1880, stack(0x0000000028130000,0x0000000028230000)]
  0x0000000021824800 JavaThread "jar transforms Thread 55" [_thread_blocked, id=12196, stack(0x0000000028030000,0x0000000028130000)]
  0x0000000021823000 JavaThread "jar transforms Thread 54" [_thread_blocked, id=3036, stack(0x0000000027f30000,0x0000000028030000)]
  0x0000000021879000 JavaThread "jar transforms Thread 53" [_thread_blocked, id=10512, stack(0x0000000027e30000,0x0000000027f30000)]
  0x0000000021876800 JavaThread "jar transforms Thread 52" [_thread_blocked, id=9944, stack(0x0000000027d30000,0x0000000027e30000)]
  0x0000000021876000 JavaThread "jar transforms Thread 51" [_thread_blocked, id=11924, stack(0x0000000027c30000,0x0000000027d30000)]
  0x0000000021875000 JavaThread "jar transforms Thread 50" [_thread_blocked, id=11652, stack(0x0000000027b30000,0x0000000027c30000)]
  0x0000000021874800 JavaThread "jar transforms Thread 49" [_thread_blocked, id=1848, stack(0x0000000027a30000,0x0000000027b30000)]
  0x0000000021878000 JavaThread "jar transforms Thread 48" [_thread_blocked, id=2308, stack(0x0000000027930000,0x0000000027a30000)]
  0x0000000021877800 JavaThread "jar transforms Thread 47" [_thread_blocked, id=14448, stack(0x0000000027830000,0x0000000027930000)]
  0x000000002186c800 JavaThread "jar transforms Thread 46" [_thread_blocked, id=12188, stack(0x0000000027730000,0x0000000027830000)]
  0x0000000021873800 JavaThread "jar transforms Thread 45" [_thread_blocked, id=7476, stack(0x0000000027630000,0x0000000027730000)]
  0x0000000021872800 JavaThread "jar transforms Thread 44" [_thread_blocked, id=10176, stack(0x0000000027530000,0x0000000027630000)]
  0x0000000021872000 JavaThread "jar transforms Thread 43" [_thread_blocked, id=14636, stack(0x0000000027430000,0x0000000027530000)]
  0x000000002186a800 JavaThread "jar transforms Thread 42" [_thread_blocked, id=6948, stack(0x0000000027330000,0x0000000027430000)]
  0x0000000021870800 JavaThread "jar transforms Thread 41" [_thread_blocked, id=12136, stack(0x0000000027230000,0x0000000027330000)]
  0x000000002186c000 JavaThread "jar transforms Thread 40" [_thread_blocked, id=544, stack(0x0000000027130000,0x0000000027230000)]
  0x000000002186f800 JavaThread "jar transforms Thread 39" [_thread_blocked, id=1084, stack(0x0000000027030000,0x0000000027130000)]
  0x0000000021871000 JavaThread "jar transforms Thread 38" [_thread_blocked, id=4800, stack(0x0000000026f30000,0x0000000027030000)]
  0x0000000021869800 JavaThread "jar transforms Thread 37" [_thread_blocked, id=8544, stack(0x0000000026e30000,0x0000000026f30000)]
  0x000000002186b000 JavaThread "jar transforms Thread 36" [_thread_blocked, id=264, stack(0x0000000026d30000,0x0000000026e30000)]
  0x000000002186d800 JavaThread "jar transforms Thread 35" [_thread_blocked, id=13856, stack(0x0000000026c30000,0x0000000026d30000)]
  0x000000002186f000 JavaThread "jar transforms Thread 34" [_thread_blocked, id=12920, stack(0x0000000026b30000,0x0000000026c30000)]
  0x000000002186e000 JavaThread "jar transforms Thread 33" [_thread_blocked, id=11192, stack(0x0000000026a30000,0x0000000026b30000)]
  0x000000001c676800 JavaThread "jar transforms Thread 32" [_thread_blocked, id=3544, stack(0x0000000026930000,0x0000000026a30000)]
  0x000000001c676000 JavaThread "jar transforms Thread 31" [_thread_blocked, id=9576, stack(0x0000000026830000,0x0000000026930000)]
  0x000000001c674800 JavaThread "jar transforms Thread 30" [_thread_blocked, id=1228, stack(0x0000000026730000,0x0000000026830000)]
  0x000000001c675000 JavaThread "jar transforms Thread 29" [_thread_blocked, id=6352, stack(0x0000000026630000,0x0000000026730000)]
  0x000000001c673800 JavaThread "jar transforms Thread 28" [_thread_blocked, id=656, stack(0x0000000026530000,0x0000000026630000)]
  0x000000001c66c000 JavaThread "jar transforms Thread 27" [_thread_blocked, id=1148, stack(0x0000000026430000,0x0000000026530000)]
  0x000000001c673000 JavaThread "jar transforms Thread 26" [_thread_blocked, id=5784, stack(0x0000000026330000,0x0000000026430000)]
  0x000000001c672000 JavaThread "jar transforms Thread 25" [_thread_blocked, id=1512, stack(0x0000000026230000,0x0000000026330000)]
  0x000000001c671800 JavaThread "jar transforms Thread 24" [_thread_blocked, id=12668, stack(0x0000000026130000,0x0000000026230000)]
  0x000000001c670800 JavaThread "jar transforms Thread 23" [_thread_blocked, id=1304, stack(0x0000000026030000,0x0000000026130000)]
  0x000000001c66a800 JavaThread "jar transforms Thread 22" [_thread_blocked, id=11100, stack(0x0000000025f30000,0x0000000026030000)]
  0x000000001c670000 JavaThread "jar transforms Thread 21" [_thread_blocked, id=10408, stack(0x0000000025e30000,0x0000000025f30000)]
  0x000000001c66f000 JavaThread "jar transforms Thread 20" [_thread_blocked, id=14660, stack(0x0000000025d30000,0x0000000025e30000)]
  0x000000001c667800 JavaThread "jar transforms Thread 19" [_thread_blocked, id=3088, stack(0x0000000025c30000,0x0000000025d30000)]
  0x000000001c668800 JavaThread "jar transforms Thread 18" [_thread_blocked, id=10816, stack(0x0000000025b30000,0x0000000025c30000)]
  0x000000001c66a000 JavaThread "jar transforms Thread 17" [_thread_blocked, id=11428, stack(0x0000000025a30000,0x0000000025b30000)]
  0x000000001c66d800 JavaThread "jar transforms Thread 16" [_thread_blocked, id=9956, stack(0x0000000025930000,0x0000000025a30000)]
  0x000000001c669000 JavaThread "jar transforms Thread 15" [_thread_blocked, id=10476, stack(0x0000000025830000,0x0000000025930000)]
  0x000000001c66b800 JavaThread "jar transforms Thread 14" [_thread_blocked, id=15316, stack(0x0000000025730000,0x0000000025830000)]
  0x000000001c66d000 JavaThread "jar transforms Thread 13" [_thread_blocked, id=14904, stack(0x0000000025630000,0x0000000025730000)]
  0x000000001c66e800 JavaThread "jar transforms Thread 12" [_thread_blocked, id=1340, stack(0x0000000025530000,0x0000000025630000)]
  0x0000000021499000 JavaThread "jar transforms Thread 11" [_thread_blocked, id=13068, stack(0x0000000025430000,0x0000000025530000)]
  0x0000000021497000 JavaThread "jar transforms Thread 10" [_thread_blocked, id=4156, stack(0x0000000025330000,0x0000000025430000)]
  0x0000000021496000 JavaThread "jar transforms Thread 9" [_thread_blocked, id=14652, stack(0x0000000025230000,0x0000000025330000)]
  0x0000000021498800 JavaThread "jar transforms Thread 8" [_thread_blocked, id=11868, stack(0x0000000025130000,0x0000000025230000)]
  0x0000000021497800 JavaThread "jar transforms Thread 7" [_thread_blocked, id=13924, stack(0x0000000025030000,0x0000000025130000)]
  0x000000002148f800 JavaThread "jar transforms Thread 6" [_thread_blocked, id=11532, stack(0x0000000024f30000,0x0000000025030000)]
  0x000000002148e800 JavaThread "jar transforms Thread 5" [_thread_blocked, id=1120, stack(0x0000000024e30000,0x0000000024f30000)]
  0x0000000021495800 JavaThread "jar transforms Thread 4" [_thread_blocked, id=3964, stack(0x0000000024d30000,0x0000000024e30000)]
  0x0000000021494000 JavaThread "jar transforms Thread 3" [_thread_blocked, id=11900, stack(0x0000000024c30000,0x0000000024d30000)]
  0x0000000021493000 JavaThread "jar transforms Thread 2" [_thread_blocked, id=7080, stack(0x0000000024180000,0x0000000024280000)]
  0x0000000021492800 JavaThread "Build operations Thread 8" [_thread_blocked, id=13464, stack(0x00000000249a0000,0x0000000024aa0000)]
  0x0000000021494800 JavaThread "Build operations Thread 7" [_thread_blocked, id=5220, stack(0x00000000248a0000,0x00000000249a0000)]
  0x0000000021491800 JavaThread "Build operations Thread 6" [_thread_blocked, id=12260, stack(0x00000000247a0000,0x00000000248a0000)]
  0x000000002148a000 JavaThread "Build operations Thread 5" [_thread_blocked, id=7888, stack(0x00000000246a0000,0x00000000247a0000)]
  0x0000000021491000 JavaThread "Build operations Thread 4" [_thread_blocked, id=12292, stack(0x00000000245a0000,0x00000000246a0000)]
  0x000000002148e000 JavaThread "Build operations Thread 3" [_thread_blocked, id=13072, stack(0x00000000244a0000,0x00000000245a0000)]
  0x0000000021490000 JavaThread "Build operations Thread 2" [_thread_blocked, id=10620, stack(0x00000000243a0000,0x00000000244a0000)]
  0x000000002148b800 JavaThread "Build operations" [_thread_blocked, id=2820, stack(0x00000000242a0000,0x00000000243a0000)]
  0x000000001c1bf000 JavaThread "Cache worker for file content cache (C:\Users\hieub\.gradle\caches\6.5\fileContent)" [_thread_blocked, id=11832, stack(0x0000000022880000,0x0000000022980000)]
  0x000000001c1be000 JavaThread "jar transforms" [_thread_blocked, id=14096, stack(0x0000000022780000,0x0000000022880000)]
  0x000000001c1bd800 JavaThread "Cache worker for execution history cache (C:\Users\hieub\.gradle\caches\6.5\executionHistory)" [_thread_blocked, id=3112, stack(0x0000000022080000,0x0000000022180000)]
  0x000000001c1c4000 JavaThread "Cache worker for cache directory md-rule (C:\Users\hieub\.gradle\caches\6.5\md-rule)" [_thread_blocked, id=7732, stack(0x0000000021f80000,0x0000000022080000)]
  0x000000001c1c2800 JavaThread "Cache worker for cache directory md-supplier (C:\Users\hieub\.gradle\caches\6.5\md-supplier)" [_thread_blocked, id=13248, stack(0x0000000020dc0000,0x0000000020ec0000)]
  0x000000001c1c3800 JavaThread "Cache worker for checksums cache (F:\Learn_code_on_College\Chuyen-de-di-dong\codeProject\Hotel_Booking_App_Of_User\.gradle\checksums)" [_thread_blocked, id=10288, stack(0x0000000020a40000,0x0000000020b40000)]
  0x000000001c1c1000 JavaThread "Cache worker for file hash cache (F:\Learn_code_on_College\Chuyen-de-di-dong\codeProject\Hotel_Booking_App_Of_User\.gradle\6.5\fileHashes)" [_thread_blocked, id=6548, stack(0x0000000020740000,0x0000000020840000)]
  0x000000001c1c0800 JavaThread "Cache worker for file hash cache (C:\Users\hieub\.gradle\caches\6.5\fileHashes)" [_thread_blocked, id=12228, stack(0x000000001e4a0000,0x000000001e5a0000)]
  0x000000001c1c2000 JavaThread "File lock request listener" [_thread_in_native, id=1480, stack(0x000000001e3a0000,0x000000001e4a0000)]
  0x000000001b112000 JavaThread "Cache worker for journal cache (C:\Users\hieub\.gradle\caches\journal-1)" [_thread_blocked, id=10432, stack(0x000000001e2a0000,0x000000001e3a0000)]
  0x000000001be7d000 JavaThread "Thread-9" [_thread_blocked, id=11520, stack(0x000000001dfa0000,0x000000001e0a0000)]
  0x000000001be6e000 JavaThread "Stdin handler" [_thread_blocked, id=2884, stack(0x000000001dea0000,0x000000001dfa0000)]
  0x000000001be81800 JavaThread "Asynchronous log dispatcher for DefaultDaemonConnection: socket connection from /127.0.0.1:52797 to /127.0.0.1:52798" [_thread_blocked, id=10020, stack(0x000000001dda0000,0x000000001dea0000)]
  0x000000001be80800 JavaThread "Daemon worker" [_thread_in_vm, id=9020, stack(0x000000001dca0000,0x000000001dda0000)]
  0x000000001be5c000 JavaThread "Cancel handler" [_thread_blocked, id=776, stack(0x000000001daa0000,0x000000001dba0000)]
  0x000000001be44800 JavaThread "Handler for socket connection from /127.0.0.1:52797 to /127.0.0.1:52798" [_thread_in_native, id=3520, stack(0x000000001d9a0000,0x000000001daa0000)]
  0x000000001be3e000 JavaThread "Daemon" [_thread_blocked, id=1952, stack(0x000000001d8a0000,0x000000001d9a0000)]
  0x000000001be2b800 JavaThread "Daemon periodic checks" [_thread_blocked, id=2852, stack(0x000000001d5a0000,0x000000001d6a0000)]
  0x000000001bdc2800 JavaThread "Incoming local TCP Connector on port 52797" [_thread_in_native, id=9668, stack(0x000000001d360000,0x000000001d460000)]
  0x000000001bda5800 JavaThread "Daemon health stats" [_thread_blocked, id=8048, stack(0x000000001cd20000,0x000000001ce20000)]
  0x000000001954d800 JavaThread "Service Thread" daemon [_thread_blocked, id=1516, stack(0x000000001a180000,0x000000001a280000)]
  0x00000000194c4000 JavaThread "C1 CompilerThread3" daemon [_thread_blocked, id=10164, stack(0x000000001a080000,0x000000001a180000)]
  0x00000000194be000 JavaThread "C2 CompilerThread2" daemon [_thread_in_native, id=12512, stack(0x0000000019f80000,0x000000001a080000)]
=>0x00000000194b7000 JavaThread "C2 CompilerThread1" daemon [_thread_in_native, id=676, stack(0x0000000019e80000,0x0000000019f80000)]
  0x00000000194b0000 JavaThread "C2 CompilerThread0" daemon [_thread_blocked, id=12352, stack(0x0000000019d80000,0x0000000019e80000)]
  0x00000000194af000 JavaThread "Attach Listener" daemon [_thread_blocked, id=11716, stack(0x0000000019c80000,0x0000000019d80000)]
  0x00000000194ae000 JavaThread "Signal Dispatcher" daemon [_thread_blocked, id=880, stack(0x0000000019b80000,0x0000000019c80000)]
  0x00000000194a0800 JavaThread "Finalizer" daemon [_thread_blocked, id=13444, stack(0x0000000019980000,0x0000000019a80000)]
  0x0000000002618000 JavaThread "Reference Handler" daemon [_thread_blocked, id=12096, stack(0x0000000019880000,0x0000000019980000)]
  0x0000000002522800 JavaThread "main" [_thread_blocked, id=3484, stack(0x0000000002320000,0x0000000002420000)]

Other Threads:
  0x0000000017686800 VMThread [stack: 0x0000000019380000,0x0000000019480000] [id=8316]
  0x000000001954e000 WatcherThread [stack: 0x000000001a280000,0x000000001a380000] [id=13200]

VM state:not at safepoint (normal execution)

VM Mutex/Monitor currently owned by a thread: None

heap address: 0x0000000080000000, size: 2048 MB, Compressed Oops mode: 32-bit
Narrow klass base: 0x0000000000000000, Narrow klass shift: 3
Compressed class space size: 1073741824 Address: 0x0000000100000000

Heap:
 PSYoungGen      total 140800K, used 119360K [0x00000000d5580000, 0x00000000dea00000, 0x0000000100000000)
  eden space 129536K, 92% used [0x00000000d5580000,0x00000000dca10338,0x00000000dd400000)
  from space 11264K, 0% used [0x00000000dd400000,0x00000000dd400000,0x00000000ddf00000)
  to   space 9216K, 0% used [0x00000000de100000,0x00000000de100000,0x00000000dea00000)
 ParOldGen       total 65024K, used 17113K [0x0000000080000000, 0x0000000083f80000, 0x00000000d5580000)
  object space 65024K, 26% used [0x0000000080000000,0x00000000810b6488,0x0000000083f80000)
 Metaspace       used 39035K, capacity 40788K, committed 41128K, reserved 1085440K
  class space    used 5399K, capacity 5752K, committed 5808K, reserved 1048576K

Card table byte_map: [0x00000000119e0000,0x0000000011df0000] byte_map_base: 0x00000000115e0000

Marking Bits: (ParMarkBitMap*) 0x0000000060d1f030
 Begin Bits: [0x00000000128a0000, 0x00000000148a0000)
 End Bits:   [0x00000000148a0000, 0x00000000168a0000)

Polling page: 0x0000000000b10000

CodeCache: size=245760Kb used=12081Kb max_used=12082Kb free=233678Kb
 bounds [0x0000000002620000, 0x0000000003200000, 0x0000000011620000]
 total_blobs=4261 nmethods=3555 adapters=618
 compilation: enabled

Compilation events (10 events):
Event: 9.358 Thread 0x00000000194c4000 3832       3       java.util.HashMap::remove (26 bytes)
Event: 9.359 Thread 0x00000000194c4000 nmethod 3832 0x00000000031f41d0 code [0x00000000031f4360, 0x00000000031f4778]
Event: 9.377 Thread 0x00000000194c4000 3833       3       com.google.common.collect.AbstractMapBasedMultimap$WrappedCollection::iterator (13 bytes)
Event: 9.378 Thread 0x00000000194c4000 nmethod 3833 0x00000000031f34d0 code [0x00000000031f36a0, 0x00000000031f3ea8]
Event: 9.378 Thread 0x00000000194c4000 3834       3       com.google.common.collect.AbstractMapBasedMultimap$WrappedCollection$WrappedIterator::<init> (32 bytes)
Event: 9.378 Thread 0x00000000194c4000 nmethod 3834 0x00000000031f2a10 code [0x00000000031f2bc0, 0x00000000031f3258]
Event: 9.381 Thread 0x00000000194c4000 3835       3       java.util.Collections$SetFromMap::contains (11 bytes)
Event: 9.381 Thread 0x00000000194c4000 nmethod 3835 0x00000000031f25d0 code [0x00000000031f2740, 0x00000000031f2968]
Event: 9.382 Thread 0x00000000194c4000 3836       1       org.gradle.api.internal.collections.AbstractIterationOrderRetainingElementSource$Element::isRealized (5 bytes)
Event: 9.382 Thread 0x00000000194c4000 nmethod 3836 0x00000000031f2310 code [0x00000000031f2460, 0x00000000031f2570]

GC Heap History (10 events):
Event: 5.789 GC heap before
{Heap before GC invocations=7 (full 0):
 PSYoungGen      total 76288K, used 9624K [0x00000000d5580000, 0x00000000dab80000, 0x0000000100000000)
  eden space 66048K, 1% used [0x00000000d5580000,0x00000000d5682490,0x00000000d9600000)
  from space 10240K, 83% used [0x00000000da080000,0x00000000da8e3ec8,0x00000000daa80000)
  to   space 10752K, 0% used [0x00000000d9600000,0x00000000d9600000,0x00000000da080000)
 ParOldGen       total 87552K, used 6754K [0x0000000080000000, 0x0000000085580000, 0x00000000d5580000)
  object space 87552K, 7% used [0x0000000080000000,0x00000000806988a0,0x0000000085580000)
 Metaspace       used 20559K, capacity 21212K, committed 21296K, reserved 1067008K
  class space    used 2873K, capacity 3076K, committed 3120K, reserved 1048576K
Event: 5.821 GC heap after
Heap after GC invocations=7 (full 0):
 PSYoungGen      total 76800K, used 3780K [0x00000000d5580000, 0x00000000deb80000, 0x0000000100000000)
  eden space 66048K, 0% used [0x00000000d5580000,0x00000000d5580000,0x00000000d9600000)
  from space 10752K, 35% used [0x00000000d9600000,0x00000000d99b1050,0x00000000da080000)
  to   space 10752K, 0% used [0x00000000de100000,0x00000000de100000,0x00000000deb80000)
 ParOldGen       total 87552K, used 9010K [0x0000000080000000, 0x0000000085580000, 0x00000000d5580000)
  object space 87552K, 10% used [0x0000000080000000,0x00000000808cc8f0,0x0000000085580000)
 Metaspace       used 20559K, capacity 21212K, committed 21296K, reserved 1067008K
  class space    used 2873K, capacity 3076K, committed 3120K, reserved 1048576K
}
Event: 5.821 GC heap before
{Heap before GC invocations=8 (full 1):
 PSYoungGen      total 76800K, used 3780K [0x00000000d5580000, 0x00000000deb80000, 0x0000000100000000)
  eden space 66048K, 0% used [0x00000000d5580000,0x00000000d5580000,0x00000000d9600000)
  from space 10752K, 35% used [0x00000000d9600000,0x00000000d99b1050,0x00000000da080000)
  to   space 10752K, 0% used [0x00000000de100000,0x00000000de100000,0x00000000deb80000)
 ParOldGen       total 87552K, used 9010K [0x0000000080000000, 0x0000000085580000, 0x00000000d5580000)
  object space 87552K, 10% used [0x0000000080000000,0x00000000808cc8f0,0x0000000085580000)
 Metaspace       used 20559K, capacity 21212K, committed 21296K, reserved 1067008K
  class space    used 2873K, capacity 3076K, committed 3120K, reserved 1048576K
Event: 5.858 GC heap after
Heap after GC invocations=8 (full 1):
 PSYoungGen      total 76800K, used 0K [0x00000000d5580000, 0x00000000deb80000, 0x0000000100000000)
  eden space 66048K, 0% used [0x00000000d5580000,0x00000000d5580000,0x00000000d9600000)
  from space 10752K, 0% used [0x00000000d9600000,0x00000000d9600000,0x00000000da080000)
  to   space 10752K, 0% used [0x00000000de100000,0x00000000de100000,0x00000000deb80000)
 ParOldGen       total 45568K, used 6629K [0x0000000080000000, 0x0000000082c80000, 0x00000000d5580000)
  object space 45568K, 14% used [0x0000000080000000,0x0000000080679500,0x0000000082c80000)
 Metaspace       used 20559K, capacity 21212K, committed 21296K, reserved 1067008K
  class space    used 2873K, capacity 3076K, committed 3120K, reserved 1048576K
}
Event: 6.813 GC heap before
{Heap before GC invocations=9 (full 1):
 PSYoungGen      total 76800K, used 66048K [0x00000000d5580000, 0x00000000deb80000, 0x0000000100000000)
  eden space 66048K, 100% used [0x00000000d5580000,0x00000000d9600000,0x00000000d9600000)
  from space 10752K, 0% used [0x00000000d9600000,0x00000000d9600000,0x00000000da080000)
  to   space 10752K, 0% used [0x00000000de100000,0x00000000de100000,0x00000000deb80000)
 ParOldGen       total 45568K, used 6629K [0x0000000080000000, 0x0000000082c80000, 0x00000000d5580000)
  object space 45568K, 14% used [0x0000000080000000,0x0000000080679500,0x0000000082c80000)
 Metaspace       used 28765K, capacity 29594K, committed 29872K, reserved 1075200K
  class space    used 3984K, capacity 4221K, committed 4272K, reserved 1048576K
Event: 6.826 GC heap after
Heap after GC invocations=9 (full 1):
 PSYoungGen      total 138752K, used 8587K [0x00000000d5580000, 0x00000000dea00000, 0x0000000100000000)
  eden space 129536K, 0% used [0x00000000d5580000,0x00000000d5580000,0x00000000dd400000)
  from space 9216K, 93% used [0x00000000de100000,0x00000000de962dc8,0x00000000dea00000)
  to   space 11264K, 0% used [0x00000000dd400000,0x00000000dd400000,0x00000000ddf00000)
 ParOldGen       total 45568K, used 6637K [0x0000000080000000, 0x0000000082c80000, 0x00000000d5580000)
  object space 45568K, 14% used [0x0000000080000000,0x000000008067b500,0x0000000082c80000)
 Metaspace       used 28765K, capacity 29594K, committed 29872K, reserved 1075200K
  class space    used 3984K, capacity 4221K, committed 4272K, reserved 1048576K
}
Event: 7.867 GC heap before
{Heap before GC invocations=10 (full 1):
 PSYoungGen      total 138752K, used 101312K [0x00000000d5580000, 0x00000000dea00000, 0x0000000100000000)
  eden space 129536K, 71% used [0x00000000d5580000,0x00000000db00d580,0x00000000dd400000)
  from space 9216K, 93% used [0x00000000de100000,0x00000000de962dc8,0x00000000dea00000)
  to   space 11264K, 0% used [0x00000000dd400000,0x00000000dd400000,0x00000000ddf00000)
 ParOldGen       total 45568K, used 6637K [0x0000000080000000, 0x0000000082c80000, 0x00000000d5580000)
  object space 45568K, 14% used [0x0000000080000000,0x000000008067b500,0x0000000082c80000)
 Metaspace       used 34232K, capacity 35400K, committed 35496K, reserved 1079296K
  class space    used 4713K, capacity 5001K, committed 5040K, reserved 1048576K
Event: 7.886 GC heap after
Heap after GC invocations=10 (full 1):
 PSYoungGen      total 140800K, used 10946K [0x00000000d5580000, 0x00000000dea00000, 0x0000000100000000)
  eden space 129536K, 0% used [0x00000000d5580000,0x00000000d5580000,0x00000000dd400000)
  from space 11264K, 97% used [0x00000000dd400000,0x00000000ddeb0aa0,0x00000000ddf00000)
  to   space 9216K, 0% used [0x00000000de100000,0x00000000de100000,0x00000000dea00000)
 ParOldGen       total 45568K, used 6645K [0x0000000080000000, 0x0000000082c80000, 0x00000000d5580000)
  object space 45568K, 14% used [0x0000000080000000,0x000000008067d500,0x0000000082c80000)
 Metaspace       used 34232K, capacity 35400K, committed 35496K, reserved 1079296K
  class space    used 4713K, capacity 5001K, committed 5040K, reserved 1048576K
}
Event: 7.886 GC heap before
{Heap before GC invocations=11 (full 2):
 PSYoungGen      total 140800K, used 10946K [0x00000000d5580000, 0x00000000dea00000, 0x0000000100000000)
  eden space 129536K, 0% used [0x00000000d5580000,0x00000000d5580000,0x00000000dd400000)
  from space 11264K, 97% used [0x00000000dd400000,0x00000000ddeb0aa0,0x00000000ddf00000)
  to   space 9216K, 0% used [0x00000000de100000,0x00000000de100000,0x00000000dea00000)
 ParOldGen       total 45568K, used 6645K [0x0000000080000000, 0x0000000082c80000, 0x00000000d5580000)
  object space 45568K, 14% used [0x0000000080000000,0x000000008067d500,0x0000000082c80000)
 Metaspace       used 34232K, capacity 35400K, committed 35496K, reserved 1079296K
  class space    used 4713K, capacity 5001K, committed 5040K, reserved 1048576K
Event: 8.048 GC heap after
Heap after GC invocations=11 (full 2):
 PSYoungGen      total 140800K, used 0K [0x00000000d5580000, 0x00000000dea00000, 0x0000000100000000)
  eden space 129536K, 0% used [0x00000000d5580000,0x00000000d5580000,0x00000000dd400000)
  from space 11264K, 0% used [0x00000000dd400000,0x00000000dd400000,0x00000000ddf00000)
  to   space 9216K, 0% used [0x00000000de100000,0x00000000de100000,0x00000000dea00000)
 ParOldGen       total 65024K, used 17113K [0x0000000080000000, 0x0000000083f80000, 0x00000000d5580000)
  object space 65024K, 26% used [0x0000000080000000,0x00000000810b6488,0x0000000083f80000)
 Metaspace       used 34232K, capacity 35400K, committed 35496K, reserved 1079296K
  class space    used 4713K, capacity 5001K, committed 5040K, reserved 1048576K
}

Deoptimization events (10 events):
Event: 8.982 Thread 0x000000001be80800 Uncommon trap: reason=unstable_if action=reinterpret pc=0x00000000029c2510 method=java.util.regex.Pattern.has(I)Z @ 6
Event: 8.983 Thread 0x000000001be80800 Uncommon trap: reason=bimorphic action=maybe_recompile pc=0x0000000002eef408 method=java.util.AbstractCollection.addAll(Ljava/util/Collection;)Z @ 29
Event: 9.051 Thread 0x000000001be80800 Uncommon trap: reason=predicate action=maybe_recompile pc=0x0000000002b940c8 method=com.google.common.base.CharMatcher.indexIn(Ljava/lang/CharSequence;I)I @ 22
Event: 9.065 Thread 0x000000001be80800 Uncommon trap: reason=bimorphic action=maybe_recompile pc=0x0000000002c53f64 method=java.lang.ClassLoader.getPackage(Ljava/lang/String;)Ljava/lang/Package; @ 47
Event: 9.065 Thread 0x000000001be80800 Uncommon trap: reason=bimorphic action=maybe_recompile pc=0x0000000002c53f64 method=java.lang.ClassLoader.getPackage(Ljava/lang/String;)Ljava/lang/Package; @ 47
Event: 9.065 Thread 0x000000001be80800 Uncommon trap: reason=bimorphic action=maybe_recompile pc=0x0000000002c53f64 method=java.lang.ClassLoader.getPackage(Ljava/lang/String;)Ljava/lang/Package; @ 47
Event: 9.065 Thread 0x000000001be80800 Uncommon trap: reason=bimorphic action=maybe_recompile pc=0x0000000002c53f64 method=java.lang.ClassLoader.getPackage(Ljava/lang/String;)Ljava/lang/Package; @ 47
Event: 9.284 Thread 0x000000001be80800 Uncommon trap: reason=unstable_if action=reinterpret pc=0x0000000002d7ef3c method=java.io.BufferedInputStream.read([BII)I @ 56
Event: 9.359 Thread 0x000000001be80800 Uncommon trap: reason=bimorphic action=maybe_recompile pc=0x0000000002eef408 method=java.util.AbstractCollection.addAll(Ljava/util/Collection;)Z @ 29
Event: 9.372 Thread 0x000000001be80800 Uncommon trap: reason=bimorphic action=maybe_recompile pc=0x0000000002eef408 method=java.util.AbstractCollection.addAll(Ljava/util/Collection;)Z @ 29

Classes redefined (0 events):
No events

Internal exceptions (10 events):
Event: 8.988 Thread 0x000000001be7d000 Exception <a 'java/lang/NoSuchMethodError': <clinit>> (0x00000000d55aa460) thrown at [C:\src\AOSP-openjdk-git\hotspot\src\share\vm\prims\jni.cpp, line 1615]
Event: 8.989 Thread 0x000000001be7d000 Exception <a 'java/lang/NoSuchMethodError': <clinit>> (0x00000000d55b46d0) thrown at [C:\src\AOSP-openjdk-git\hotspot\src\share\vm\prims\jni.cpp, line 1615]
Event: 8.990 Thread 0x000000001be7d000 Exception <a 'java/lang/NoSuchMethodError': <clinit>> (0x00000000d55bf720) thrown at [C:\src\AOSP-openjdk-git\hotspot\src\share\vm\prims\jni.cpp, line 1615]
Event: 8.993 Thread 0x000000001be7d000 Exception <a 'java/lang/NoSuchMethodError': <clinit>> (0x00000000db59bb08) thrown at [C:\src\AOSP-openjdk-git\hotspot\src\share\vm\prims\jni.cpp, line 1615]
Event: 9.040 Thread 0x000000001be80800 Exception <a 'java/lang/ClassNotFoundException': build_3cchuqno1vndjs4pjuxqs7w2hBeanInfo> (0x00000000db3f5440) thrown at [C:\src\AOSP-openjdk-git\hotspot\src\share\vm\classfile\systemDictionary.cpp, line 210]
Event: 9.041 Thread 0x000000001be80800 Exception <a 'java/lang/ClassNotFoundException': build_3cchuqno1vndjs4pjuxqs7w2hCustomizer> (0x00000000db401080) thrown at [C:\src\AOSP-openjdk-git\hotspot\src\share\vm\classfile\systemDictionary.cpp, line 210]
Event: 9.049 Thread 0x000000001be80800 Exception <a 'java/lang/ClassNotFoundException': org/gradle/plugin/use/internal/PluginRequestCollector$PluginDependenciesSpecImplBeanInfo> (0x00000000db4a0cd0) thrown at [C:\src\AOSP-openjdk-git\hotspot\src\share\vm\classfile\systemDictionary.cpp, line 21
Event: 9.050 Thread 0x000000001be80800 Exception <a 'java/lang/ClassNotFoundException': org/gradle/plugin/use/internal/PluginRequestCollector$PluginDependenciesSpecImplCustomizer> (0x00000000db4e0c10) thrown at [C:\src\AOSP-openjdk-git\hotspot\src\share\vm\classfile\systemDictionary.cpp, line 
Event: 9.082 Thread 0x000000001be80800 Exception <a 'java/lang/ClassNotFoundException': org/gradle/api/internal/plugins/DefaultObjectConfigurationActionBeanInfo> (0x00000000db811b78) thrown at [C:\src\AOSP-openjdk-git\hotspot\src\share\vm\classfile\systemDictionary.cpp, line 210]
Event: 9.083 Thread 0x000000001be80800 Exception <a 'java/lang/ClassNotFoundException': org/gradle/api/internal/plugins/DefaultObjectConfigurationActionCustomizer> (0x00000000db8562f8) thrown at [C:\src\AOSP-openjdk-git\hotspot\src\share\vm\classfile\systemDictionary.cpp, line 210]

Events (10 events):
Event: 9.381 loading class org/gradle/api/internal/plugins/DefaultPluginContainer$2$1
Event: 9.381 loading class org/gradle/api/internal/plugins/DefaultPluginContainer$2$1 done
Event: 9.382 loading class org/gradle/api/internal/collections/CollectionFilter$1
Event: 9.382 loading class org/gradle/api/internal/collections/CollectionFilter$1 done
Event: 9.383 loading class org/gradle/api/internal/ExecuteDomainObjectCollectionCallbackBuildOperationType
Event: 9.383 loading class org/gradle/api/internal/ExecuteDomainObjectCollectionCallbackBuildOperationType done
Event: 9.383 loading class org/gradle/api/internal/ExecuteDomainObjectCollectionCallbackBuildOperationType$Result
Event: 9.383 loading class org/gradle/api/internal/ExecuteDomainObjectCollectionCallbackBuildOperationType$Result done
Event: 9.384 loading class org/gradle/api/internal/ExecuteDomainObjectCollectionCallbackBuildOperationType$1
Event: 9.384 loading class org/gradle/api/internal/ExecuteDomainObjectCollectionCallbackBuildOperationType$1 done


Dynamic libraries:
0x00007ff7a7420000 - 0x00007ff7a7451000 	C:\Program Files\Android\Android Studio\jre\bin\java.exe
0x00007ffb612d0000 - 0x00007ffb614c6000 	C:\WINDOWS\SYSTEM32\ntdll.dll
0x00007ffb60bd0000 - 0x00007ffb60c8d000 	C:\WINDOWS\System32\KERNEL32.DLL
0x00007ffb5eca0000 - 0x00007ffb5ef68000 	C:\WINDOWS\System32\KERNELBASE.dll
0x00007ffb607b0000 - 0x00007ffb6085c000 	C:\WINDOWS\System32\ADVAPI32.dll
0x00007ffb60c90000 - 0x00007ffb60d2e000 	C:\WINDOWS\System32\msvcrt.dll
0x00007ffb60d60000 - 0x00007ffb60dfb000 	C:\WINDOWS\System32\sechost.dll
0x00007ffb60aa0000 - 0x00007ffb60bc3000 	C:\WINDOWS\System32\RPCRT4.dll
0x00007ffb603a0000 - 0x00007ffb60540000 	C:\WINDOWS\System32\USER32.dll
0x00007ffb5f300000 - 0x00007ffb5f322000 	C:\WINDOWS\System32\win32u.dll
0x00007ffb60610000 - 0x00007ffb6063a000 	C:\WINDOWS\System32\GDI32.dll
0x00007ffb5ea10000 - 0x00007ffb5eb19000 	C:\WINDOWS\System32\gdi32full.dll
0x00007ffb5f260000 - 0x00007ffb5f2fd000 	C:\WINDOWS\System32\msvcp_win.dll
0x00007ffb5eba0000 - 0x00007ffb5eca0000 	C:\WINDOWS\System32\ucrtbase.dll
0x00007ffb4c8e0000 - 0x00007ffb4cb7b000 	C:\WINDOWS\WinSxS\amd64_microsoft.windows.common-controls_6595b64144ccf1df_6.0.19041.488_none_ca04af081b815d21\COMCTL32.dll
0x00007ffb60d30000 - 0x00007ffb60d60000 	C:\WINDOWS\System32\IMM32.DLL
0x0000000060470000 - 0x0000000060542000 	C:\Program Files\Android\Android Studio\jre\jre\bin\msvcr100.dll
0x0000000060550000 - 0x0000000060d9b000 	C:\Program Files\Android\Android Studio\jre\jre\bin\server\jvm.dll
0x00007ffb60540000 - 0x00007ffb60548000 	C:\WINDOWS\System32\PSAPI.DLL
0x00007ffb57bb0000 - 0x00007ffb57bba000 	C:\WINDOWS\SYSTEM32\VERSION.dll
0x00007ffb47f10000 - 0x00007ffb47f19000 	C:\WINDOWS\SYSTEM32\WSOCK32.dll
0x00007ffb3bf50000 - 0x00007ffb3bf77000 	C:\WINDOWS\SYSTEM32\WINMM.dll
0x00007ffb5fbe0000 - 0x00007ffb5fc4b000 	C:\WINDOWS\System32\WS2_32.dll
0x00007ffb59bf0000 - 0x00007ffb59bff000 	C:\Program Files\Android\Android Studio\jre\jre\bin\verify.dll
0x00007ffb4bd00000 - 0x00007ffb4bd29000 	C:\Program Files\Android\Android Studio\jre\jre\bin\java.dll
0x00007ffb4bc80000 - 0x00007ffb4bc96000 	C:\Program Files\Android\Android Studio\jre\jre\bin\zip.dll
0x00007ffb5fc50000 - 0x00007ffb60391000 	C:\WINDOWS\System32\SHELL32.dll
0x00007ffb5c7a0000 - 0x00007ffb5cf35000 	C:\WINDOWS\SYSTEM32\windows.storage.dll
0x00007ffb60f30000 - 0x00007ffb61285000 	C:\WINDOWS\System32\combase.dll
0x00007ffb5e480000 - 0x00007ffb5e4ac000 	C:\WINDOWS\SYSTEM32\Wldp.dll
0x00007ffb5f330000 - 0x00007ffb5f3de000 	C:\WINDOWS\System32\SHCORE.dll
0x00007ffb5f590000 - 0x00007ffb5f5e5000 	C:\WINDOWS\System32\shlwapi.dll
0x00007ffb5e940000 - 0x00007ffb5e966000 	C:\WINDOWS\SYSTEM32\profapi.dll
0x00007ffb4b340000 - 0x00007ffb4b35a000 	C:\Program Files\Android\Android Studio\jre\jre\bin\net.dll
0x00007ffb5e200000 - 0x00007ffb5e26a000 	C:\WINDOWS\system32\mswsock.dll
0x00007ffb43f80000 - 0x00007ffb43f93000 	C:\Program Files\Android\Android Studio\jre\jre\bin\nio.dll
0x00007ffb59b90000 - 0x00007ffb59bb7000 	C:\Users\hieub\.gradle\native\f6784746aeab05261644944871eae4fe03e0ef1612fff0a4a95f87b438bc6780\windows-amd64\native-platform.dll
0x00007ffb4bc70000 - 0x00007ffb4bc7d000 	C:\Program Files\Android\Android Studio\jre\jre\bin\management.dll
0x00007ffb5e3d0000 - 0x00007ffb5e3e8000 	C:\WINDOWS\SYSTEM32\CRYPTSP.dll
0x00007ffb5db20000 - 0x00007ffb5db54000 	C:\WINDOWS\system32\rsaenh.dll
0x00007ffb5f230000 - 0x00007ffb5f257000 	C:\WINDOWS\System32\bcrypt.dll
0x00007ffb5e900000 - 0x00007ffb5e92e000 	C:\WINDOWS\SYSTEM32\USERENV.dll
0x00007ffb5eb20000 - 0x00007ffb5eb9f000 	C:\WINDOWS\System32\bcryptprimitives.dll
0x00007ffb5e3f0000 - 0x00007ffb5e3fc000 	C:\WINDOWS\SYSTEM32\CRYPTBASE.dll
0x00007ffb5dea0000 - 0x00007ffb5dedb000 	C:\WINDOWS\SYSTEM32\IPHLPAPI.DLL
0x00007ffb60550000 - 0x00007ffb60558000 	C:\WINDOWS\System32\NSI.dll
0x00007ffb5bd60000 - 0x00007ffb5bd77000 	C:\WINDOWS\SYSTEM32\dhcpcsvc6.DLL
0x00007ffb5bd40000 - 0x00007ffb5bd5d000 	C:\WINDOWS\SYSTEM32\dhcpcsvc.DLL
0x00007ffb5dee0000 - 0x00007ffb5dfab000 	C:\WINDOWS\SYSTEM32\DNSAPI.dll
0x00007ffb56f20000 - 0x00007ffb56f2b000 	C:\WINDOWS\SYSTEM32\WINNSI.DLL

VM Arguments:
jvm_args: -Xmx2048m -Dfile.encoding=UTF-8 -Duser.country=US -Duser.language=en -Duser.variant 
java_command: org.gradle.launcher.daemon.bootstrap.GradleDaemon 6.5
java_class_path (initial): C:\Users\hieub\.gradle\wrapper\dists\gradle-6.5-bin\6nifqtx7604sqp1q6g8wikw7p\gradle-6.5\lib\gradle-launcher-6.5.jar
Launcher Type: SUN_STANDARD

Environment Variables:
PATH=C:\Python39\Scripts\;C:\Python39\;C:\Program Files\Microsoft MPI\Bin\;C:\Program Files (x86)\Common Files\Oracle\Java\javapath;C:\WINDOWS\system32;C:\WINDOWS;C:\WINDOWS\System32\Wbem;C:\WINDOWS\System32\WindowsPowerShell\v1.0\;C:\WINDOWS\System32\OpenSSH\;C:\Program Files\Java\jdk1.8.0_241\bin;C:\Program Files\dotnet\;C:\Program Files\Microsoft SQL Server\130\Tools\Binn\;C:\Program Files\Java\jre1.8.0_241\bin;C:\netbeans\java\maven\bin;C:\Program Files (x86)\Vim\vim82;C:\_P\Notepad++;C:\Program Files (x86)\NordVPN\;C:\Program Files (x86)\Microsoft SQL Server\110\Tools\Binn\;C:\Program Files\Microsoft SQL Server\110\Tools\Binn\;C:\Program Files\Microsoft SQL Server\110\DTS\Binn\;C:\Program Files (x86)\Microsoft SQL Server\110\Tools\Binn\ManagementStudio\;C:\Program Files (x86)\Microsoft SQL Server\110\DTS\Binn\;C:\Program Files\Git\cmd;C:\Users\hieub\AppData\Local\Microsoft\WindowsApps;C:\Users\hieub\AppData\Roaming\npm;C:\Users\hieub\Desktop;C:\Users\hieub\AppData\Local\Programs\Microsoft VS Code\bin;C:\Users\hieub\Ap;C:\Program Files\nodejs\;C:\ProgramData\chocolatey\bin;C:\Users\hieub\AppData\Local\Microsoft\WindowsApps;C:\Users\hieub\Desktop;C:\Users\hieub\AppData\Local\Programs\Microsoft VS Code\bin;C:\Users\hieub\AppData\Local\Android\Sdk\platform-tools;C:\Users\hieub\AppData\Roaming\npm;D:\SDK\platform-tools;
USERNAME=hieub
OS=Windows_NT
PROCESSOR_IDENTIFIER=Intel64 Family 6 Model 142 Stepping 10, GenuineIntel



---------------  S Y S T E M  ---------------

OS: Windows 10.0 , 64 bit Build 19041 (10.0.19041.546)

CPU:total 8 (initial active 8) (4 cores per cpu, 2 threads per core) family 6 model 142 stepping 10, cmov, cx8, fxsr, mmx, sse, sse2, sse3, ssse3, sse4.1, sse4.2, popcnt, avx, avx2, aes, clmul, erms, 3dnowpref, lzcnt, ht, tsc, tscinvbit, bmi1, bmi2, adx

Memory: 4k page, physical 8266124k(655568k free), swap 12167564k(5632k free)

vm_info: OpenJDK 64-Bit Server VM (25.242-b01) for windows-amd64 JRE (1.8.0_242-release-1644-b01), built by "builder" with MS VC++ 10.0 (VS2010)

time: Sun Nov 08 17:07:45 2020
timezone: SE Asia Standard Time
elapsed time: 9 seconds (0d 0h 0m 9s)

